SF:grpc/Bytestrings.kt
FN:46,fourward/grpc/BytestringsKt::requireFitsInBitwidth (Lcom/google/protobuf/ByteString;ILjava/lang/String;)V
FNDA:1,fourward/grpc/BytestringsKt::requireFitsInBitwidth (Lcom/google/protobuf/ByteString;ILjava/lang/String;)V
FN:71,fourward/grpc/BytestringsKt::canonicalize (Lcom/google/protobuf/ByteString;)Lcom/google/protobuf/ByteString;
FNDA:1,fourward/grpc/BytestringsKt::canonicalize (Lcom/google/protobuf/ByteString;)Lcom/google/protobuf/ByteString;
FN:88,fourward/grpc/BytestringsKt::canonicalizeMatch (Lp4/v1/P4RuntimeOuterClass$FieldMatch;)Lp4/v1/P4RuntimeOuterClass$FieldMatch;
FNDA:1,fourward/grpc/BytestringsKt::canonicalizeMatch (Lp4/v1/P4RuntimeOuterClass$FieldMatch;)Lp4/v1/P4RuntimeOuterClass$FieldMatch;
FN:137,fourward/grpc/BytestringsKt::canonicalizeParam (Lp4/v1/P4RuntimeOuterClass$Action$Param;)Lp4/v1/P4RuntimeOuterClass$Action$Param;
FNDA:1,fourward/grpc/BytestringsKt::canonicalizeParam (Lp4/v1/P4RuntimeOuterClass$Action$Param;)Lp4/v1/P4RuntimeOuterClass$Action$Param;
FN:152,fourward/grpc/BytestringsKt::canonicalizeBytestrings (Lp4/v1/P4RuntimeOuterClass$Update;)Lp4/v1/P4RuntimeOuterClass$Update;
FNDA:1,fourward/grpc/BytestringsKt::canonicalizeBytestrings (Lp4/v1/P4RuntimeOuterClass$Update;)Lp4/v1/P4RuntimeOuterClass$Update;
FN:191,fourward/grpc/BytestringsKt::canonicalizeTableEntry (Lp4/v1/P4RuntimeOuterClass$TableEntry;)Lp4/v1/P4RuntimeOuterClass$TableEntry;
FNDA:1,fourward/grpc/BytestringsKt::canonicalizeTableEntry (Lp4/v1/P4RuntimeOuterClass$TableEntry;)Lp4/v1/P4RuntimeOuterClass$TableEntry;
FN:211,fourward/grpc/BytestringsKt::canonicalizeTableAction (Lp4/v1/P4RuntimeOuterClass$TableAction;)Lp4/v1/P4RuntimeOuterClass$TableAction;
FNDA:1,fourward/grpc/BytestringsKt::canonicalizeTableAction (Lp4/v1/P4RuntimeOuterClass$TableAction;)Lp4/v1/P4RuntimeOuterClass$TableAction;
FN:245,fourward/grpc/BytestringsKt::canonicalizeAction (Lp4/v1/P4RuntimeOuterClass$Action;)Lp4/v1/P4RuntimeOuterClass$Action;
FNDA:1,fourward/grpc/BytestringsKt::canonicalizeAction (Lp4/v1/P4RuntimeOuterClass$Action;)Lp4/v1/P4RuntimeOuterClass$Action;
FN:259,fourward/grpc/BytestringsKt::outOfRange (Ljava/lang/String;)Lio/grpc/StatusException;
FNDA:1,fourward/grpc/BytestringsKt::outOfRange (Ljava/lang/String;)Lio/grpc/StatusException;
BRDA:46,0,0,1
BRDA:46,0,1,1
BRDA:47,0,0,1
BRDA:47,0,1,1
BRDA:53,0,0,1
BRDA:53,0,1,1
BRDA:54,0,0,1
BRDA:54,0,1,1
BRDA:71,0,0,1
BRDA:71,0,1,1
BRDA:73,0,0,1
BRDA:73,0,1,1
BRDA:73,0,2,1
BRDA:73,0,3,1
BRDA:74,0,0,1
BRDA:74,0,1,1
BRDA:88,0,0,0
BRDA:88,0,1,0
BRDA:88,0,2,1
BRDA:88,0,3,1
BRDA:88,0,4,1
BRDA:88,0,5,1
BRDA:91,0,0,1
BRDA:91,0,1,1
BRDA:97,0,0,1
BRDA:97,0,1,1
BRDA:97,0,2,1
BRDA:97,0,3,0
BRDA:109,0,0,1
BRDA:109,0,1,0
BRDA:114,0,0,1
BRDA:114,0,1,1
BRDA:114,0,2,1
BRDA:114,0,3,0
BRDA:126,0,0,1
BRDA:126,0,1,1
BRDA:138,0,0,1
BRDA:138,0,1,1
BRDA:153,0,0,1
BRDA:153,0,1,0
BRDA:153,0,2,1
BRDA:156,0,0,1
BRDA:156,0,1,1
BRDA:162,0,0,1
BRDA:162,0,1,0
BRDA:192,0,0,1
BRDA:192,0,1,1
BRDA:193,0,0,1
BRDA:193,0,1,1
BRDA:194,0,0,1
BRDA:194,0,1,1
BRDA:194,0,2,1
BRDA:194,0,3,1
BRDA:195,0,0,1
BRDA:195,0,1,1
BRDA:195,0,2,1
BRDA:195,0,3,1
BRDA:199,0,0,1
BRDA:199,0,1,1
BRDA:203,0,0,1
BRDA:203,0,1,0
BRDA:203,0,2,1
BRDA:203,0,3,1
BRDA:211,0,0,1
BRDA:211,0,1,0
BRDA:211,0,2,1
BRDA:214,0,0,1
BRDA:214,0,1,1
BRDA:220,0,0,1
BRDA:220,0,1,1
BRDA:225,0,0,1
BRDA:225,0,1,1
BRDA:227,0,0,1
BRDA:227,0,1,1
BRDA:245,0,0,1
BRDA:245,0,1,1
BRDA:247,0,0,1
BRDA:247,0,1,1
BRDA:248,0,0,1
BRDA:248,0,1,1
DA:46,1
DA:47,1
DA:48,1
DA:53,1
DA:54,1
DA:55,1
DA:57,1
DA:71,1
DA:72,1
DA:73,1
DA:74,1
DA:88,1
DA:90,1
DA:91,1
DA:92,1
DA:95,1
DA:96,1
DA:97,1
DA:99,1
DA:100,1
DA:101,1
DA:102,1
DA:103,1
DA:104,1
DA:105,1
DA:108,1
DA:109,1
DA:112,1
DA:113,1
DA:114,1
DA:116,1
DA:117,1
DA:118,1
DA:119,1
DA:120,1
DA:121,1
DA:122,1
DA:125,1
DA:126,1
DA:127,1
DA:131,0
DA:137,1
DA:138,1
DA:152,1
DA:153,1
DA:155,1
DA:156,1
DA:157,1
DA:160,1
DA:161,1
DA:162,1
DA:164,0
DA:165,0
DA:166,0
DA:167,0
DA:185,1
DA:191,1
DA:192,1
DA:193,1
DA:194,1
DA:195,1
DA:196,1
DA:197,1
DA:198,1
DA:199,1
DA:200,1
DA:201,1
DA:203,1
DA:204,1
DA:205,1
DA:211,1
DA:213,1
DA:214,1
DA:217,1
DA:218,1
DA:219,1
DA:220,1
DA:221,1
DA:223,1
DA:224,1
DA:225,1
DA:227,1
DA:229,1
DA:230,1
DA:231,1
DA:232,1
DA:233,1
DA:234,1
DA:235,1
DA:241,1
DA:242,1
DA:245,1
DA:246,1
DA:247,1
DA:248,1
DA:249,1
DA:250,1
DA:251,1
DA:252,1
DA:253,1
DA:254,1
DA:255,1
DA:259,1
LH:98
LF:103
end_of_record
SF:grpc/Comparisons.kt
LH:0
LF:0
end_of_record
SF:grpc/ConstraintValidator.kt
FN:22,fourward/grpc/ConstraintValidator::<init> (Ljava/lang/Process;Ljava/io/DataInputStream;Ljava/io/DataOutputStream;)V
FNDA:1,fourward/grpc/ConstraintValidator::<init> (Ljava/lang/Process;Ljava/io/DataInputStream;Ljava/io/DataOutputStream;)V
FN:37,fourward/grpc/ConstraintValidator::validateEntry (Lp4/v1/P4RuntimeOuterClass$TableEntry;)Ljava/lang/String;
FNDA:1,fourward/grpc/ConstraintValidator::validateEntry (Lp4/v1/P4RuntimeOuterClass$TableEntry;)Ljava/lang/String;
FN:58,fourward/grpc/ConstraintValidator::close ()V
FNDA:1,fourward/grpc/ConstraintValidator::close ()V
FN:75,fourward/grpc/ConstraintValidator$Companion::call (Ljava/io/DataInputStream;Ljava/io/DataOutputStream;Lfourward/ConstraintRequest;)Lfourward/ConstraintResponse;
FNDA:1,fourward/grpc/ConstraintValidator$Companion::call (Ljava/io/DataInputStream;Ljava/io/DataOutputStream;Lfourward/ConstraintRequest;)Lfourward/ConstraintResponse;
FN:94,fourward/grpc/ConstraintValidator$Companion::create (Lp4/config/v1/P4InfoOuterClass$P4Info;Ljava/nio/file/Path;)Lfourward/grpc/ConstraintValidator;
FNDA:1,fourward/grpc/ConstraintValidator$Companion::create (Lp4/config/v1/P4InfoOuterClass$P4Info;Ljava/nio/file/Path;)Lfourward/grpc/ConstraintValidator;
FN:136,fourward/grpc/ConstraintValidatorException::<init> (Ljava/lang/String;Ljava/lang/Throwable;)V
FNDA:0,fourward/grpc/ConstraintValidatorException::<init> (Ljava/lang/String;Ljava/lang/Throwable;)V
FN:136,fourward/grpc/ConstraintValidatorException::<init> (Ljava/lang/String;Ljava/lang/Throwable;ILkotlin/jvm/internal/DefaultConstructorMarker;)V
FNDA:0,fourward/grpc/ConstraintValidatorException::<init> (Ljava/lang/String;Ljava/lang/Throwable;ILkotlin/jvm/internal/DefaultConstructorMarker;)V
BRDA:50,0,0,0
BRDA:50,0,1,1
BRDA:54,0,0,1
BRDA:54,0,1,1
BRDA:54,0,2,1
BRDA:54,0,3,1
BRDA:60,0,0,0
BRDA:60,0,1,1
BRDA:98,0,0,1
BRDA:98,0,1,0
BRDA:99,0,0,1
BRDA:99,0,1,0
BRDA:116,0,0,0
BRDA:116,0,1,1
BRDA:124,0,0,1
BRDA:124,0,1,1
BRDA:124,0,2,1
BRDA:124,0,3,0
DA:22,1
DA:23,1
DA:24,1
DA:25,1
DA:26,1
DA:37,1
DA:38,1
DA:39,1
DA:40,1
DA:41,1
DA:42,1
DA:43,1
DA:44,0
DA:45,0
DA:46,0
DA:47,0
DA:50,1
DA:51,0
DA:53,1
DA:54,1
DA:58,1
DA:59,1
DA:60,1
DA:61,0
DA:63,1
DA:64,1
DA:75,1
DA:76,1
DA:77,1
DA:78,1
DA:79,1
DA:80,1
DA:81,1
DA:82,1
DA:94,1
DA:95,1
DA:96,1
DA:97,1
DA:98,1
DA:99,1
DA:101,1
DA:102,1
DA:103,1
DA:104,1
DA:105,1
DA:106,1
DA:107,1
DA:108,0
DA:109,0
DA:110,0
DA:111,0
DA:112,0
DA:116,1
DA:117,0
DA:118,0
DA:119,0
DA:123,1
DA:124,1
DA:125,1
DA:126,1
DA:127,1
DA:128,1
DA:131,1
DA:136,0
DA:137,0
LH:49
LF:65
end_of_record
SF:grpc/DataplaneService.kt
FN:43,fourward/grpc/DataplaneService::<init> (Lfourward/grpc/PacketBroker;Lkotlin/jvm/functions/Function0;)V
FNDA:1,fourward/grpc/DataplaneService::<init> (Lfourward/grpc/PacketBroker;Lkotlin/jvm/functions/Function0;)V
FN:43,fourward/grpc/DataplaneService::<init> (Lfourward/grpc/PacketBroker;Lkotlin/jvm/functions/Function0;ILkotlin/jvm/internal/DefaultConstructorMarker;)V
FNDA:1,fourward/grpc/DataplaneService::<init> (Lfourward/grpc/PacketBroker;Lkotlin/jvm/functions/Function0;ILkotlin/jvm/internal/DefaultConstructorMarker;)V
FN:56,fourward/grpc/DataplaneService::injectPacket (Lfourward/InjectPacketRequest;Lkotlin/coroutines/Continuation;)Ljava/lang/Object;
FNDA:1,fourward/grpc/DataplaneService::injectPacket (Lfourward/InjectPacketRequest;Lkotlin/coroutines/Continuation;)Ljava/lang/Object;
FN:64,fourward/grpc/DataplaneService::getReproducer (Lfourward/InjectPacketRequest;Lkotlin/coroutines/Continuation;)Ljava/lang/Object;
FNDA:1,fourward/grpc/DataplaneService::getReproducer (Lfourward/InjectPacketRequest;Lkotlin/coroutines/Continuation;)Ljava/lang/Object;
FN:96,fourward/grpc/DataplaneService::processAndEnrich (Lfourward/InjectPacketRequest;Ljava/lang/String;Lkotlin/coroutines/Continuation;)Ljava/lang/Object;
FNDA:1,fourward/grpc/DataplaneService::processAndEnrich (Lfourward/InjectPacketRequest;Ljava/lang/String;Lkotlin/coroutines/Continuation;)Ljava/lang/Object;
FN:137,fourward/grpc/DataplaneService::injectPackets (Lkotlinx/coroutines/flow/Flow;Lkotlin/coroutines/Continuation;)Ljava/lang/Object;
FNDA:0,fourward/grpc/DataplaneService::injectPackets (Lkotlinx/coroutines/flow/Flow;Lkotlin/coroutines/Continuation;)Ljava/lang/Object;
FN:150,fourward/grpc/DataplaneService::subscribeResults (Lfourward/SubscribeResultsRequest;)Lkotlinx/coroutines/flow/Flow;
FNDA:1,fourward/grpc/DataplaneService::subscribeResults (Lfourward/SubscribeResultsRequest;)Lkotlinx/coroutines/flow/Flow;
FN:185,fourward/grpc/DataplaneService::registerPrePacketHook (Lkotlinx/coroutines/flow/Flow;)Lkotlinx/coroutines/flow/Flow;
FNDA:1,fourward/grpc/DataplaneService::registerPrePacketHook (Lkotlinx/coroutines/flow/Flow;)Lkotlinx/coroutines/flow/Flow;
FN:231,fourward/grpc/DataplaneService::resolveIngressPort (Lfourward/InjectPacketRequest;Lfourward/grpc/TypeTranslator;)I
FNDA:1,fourward/grpc/DataplaneService::resolveIngressPort (Lfourward/InjectPacketRequest;Lfourward/grpc/TypeTranslator;)I
FN:45,fourward/grpc/DataplaneService$1::invoke ()Ljava/lang/Void;
FNDA:1,fourward/grpc/DataplaneService$1::invoke ()Ljava/lang/Void;
FN:89,fourward/grpc/DataplaneService$EnrichedResult::<init> (Lfourward/TraceTree;Lfourward/simulator/TableStore$ForwardingSnapshot;Ljava/util/List;Lfourward/ProcessPacketResult;)V
FNDA:1,fourward/grpc/DataplaneService$EnrichedResult::<init> (Lfourward/TraceTree;Lfourward/simulator/TableStore$ForwardingSnapshot;Ljava/util/List;Lfourward/ProcessPacketResult;)V
FN:90,fourward/grpc/DataplaneService$EnrichedResult::getRawTrace ()Lfourward/TraceTree;
FNDA:1,fourward/grpc/DataplaneService$EnrichedResult::getRawTrace ()Lfourward/TraceTree;
FN:91,fourward/grpc/DataplaneService$EnrichedResult::getForwardingSnapshot ()Lfourward/simulator/TableStore$ForwardingSnapshot;
FNDA:1,fourward/grpc/DataplaneService$EnrichedResult::getForwardingSnapshot ()Lfourward/simulator/TableStore$ForwardingSnapshot;
FN:92,fourward/grpc/DataplaneService$EnrichedResult::getRegisterSeedDependencies ()Ljava/util/List;
FNDA:1,fourward/grpc/DataplaneService$EnrichedResult::getRegisterSeedDependencies ()Ljava/util/List;
FN:93,fourward/grpc/DataplaneService$EnrichedResult::getProto ()Lfourward/ProcessPacketResult;
FNDA:1,fourward/grpc/DataplaneService$EnrichedResult::getProto ()Lfourward/ProcessPacketResult;
FN:48,fourward/grpc/DataplaneService$PipelineSnapshot::<init> (Lfourward/PipelineConfig;Lfourward/simulator/TableStore;Lfourward/grpc/TypeTranslator;Lfourward/grpc/PacketHeaderCodec;)V
FNDA:1,fourward/grpc/DataplaneService$PipelineSnapshot::<init> (Lfourward/PipelineConfig;Lfourward/simulator/TableStore;Lfourward/grpc/TypeTranslator;Lfourward/grpc/PacketHeaderCodec;)V
FN:49,fourward/grpc/DataplaneService$PipelineSnapshot::getConfig ()Lfourward/PipelineConfig;
FNDA:1,fourward/grpc/DataplaneService$PipelineSnapshot::getConfig ()Lfourward/PipelineConfig;
FN:50,fourward/grpc/DataplaneService$PipelineSnapshot::getTableStore ()Lfourward/simulator/TableStore;
FNDA:1,fourward/grpc/DataplaneService$PipelineSnapshot::getTableStore ()Lfourward/simulator/TableStore;
FN:51,fourward/grpc/DataplaneService$PipelineSnapshot::getTypeTranslator ()Lfourward/grpc/TypeTranslator;
FNDA:1,fourward/grpc/DataplaneService$PipelineSnapshot::getTypeTranslator ()Lfourward/grpc/TypeTranslator;
FN:52,fourward/grpc/DataplaneService$PipelineSnapshot::getPacketHeaderCodec ()Lfourward/grpc/PacketHeaderCodec;
FNDA:1,fourward/grpc/DataplaneService$PipelineSnapshot::getPacketHeaderCodec ()Lfourward/grpc/PacketHeaderCodec;
FN:138,fourward/grpc/DataplaneService$injectPackets$2::invokeSuspend (Ljava/lang/Object;)Ljava/lang/Object;
FNDA:0,fourward/grpc/DataplaneService$injectPackets$2::invokeSuspend (Ljava/lang/Object;)Ljava/lang/Object;
FN:140,fourward/grpc/DataplaneService$injectPackets$2$1::emit (Lfourward/InjectPacketRequest;Lkotlin/coroutines/Continuation;)Ljava/lang/Object;
FNDA:0,fourward/grpc/DataplaneService$injectPackets$2$1::emit (Lfourward/InjectPacketRequest;Lkotlin/coroutines/Continuation;)Ljava/lang/Object;
FN:185,fourward/grpc/DataplaneService$registerPrePacketHook$1::invokeSuspend (Ljava/lang/Object;)Ljava/lang/Object;
FNDA:1,fourward/grpc/DataplaneService$registerPrePacketHook$1::invokeSuspend (Ljava/lang/Object;)Ljava/lang/Object;
FN:215,fourward/grpc/DataplaneService$registerPrePacketHook$1$1::invokeSuspend (Ljava/lang/Object;)Ljava/lang/Object;
FNDA:1,fourward/grpc/DataplaneService$registerPrePacketHook$1$1::invokeSuspend (Ljava/lang/Object;)Ljava/lang/Object;
FN:221,fourward/grpc/DataplaneService$registerPrePacketHook$1$2::invokeSuspend (Ljava/lang/Object;)Ljava/lang/Object;
FNDA:1,fourward/grpc/DataplaneService$registerPrePacketHook$1$2::invokeSuspend (Ljava/lang/Object;)Ljava/lang/Object;
FN:221,fourward/grpc/DataplaneService$registerPrePacketHook$1$2$1::emit (Lfourward/PrePacketHookResponse;Lkotlin/coroutines/Continuation;)Ljava/lang/Object;
FNDA:1,fourward/grpc/DataplaneService$registerPrePacketHook$1$2$1::emit (Lfourward/PrePacketHookResponse;Lkotlin/coroutines/Continuation;)Ljava/lang/Object;
FN:224,fourward/grpc/DataplaneService$registerPrePacketHook$1$3::invoke ()V
FNDA:1,fourward/grpc/DataplaneService$registerPrePacketHook$1$3::invoke ()V
FN:150,fourward/grpc/DataplaneService$subscribeResults$1::invokeSuspend (Ljava/lang/Object;)Ljava/lang/Object;
FNDA:1,fourward/grpc/DataplaneService$subscribeResults$1::invokeSuspend (Ljava/lang/Object;)Ljava/lang/Object;
FN:180,fourward/grpc/DataplaneService$subscribeResults$1$1::invoke ()V
FNDA:1,fourward/grpc/DataplaneService$subscribeResults$1$1::invoke ()V
FN:158,fourward/grpc/DataplaneService$subscribeResults$1$handle$1::invokeSuspend (Ljava/lang/Object;)Ljava/lang/Object;
FNDA:1,fourward/grpc/DataplaneService$subscribeResults$1$handle$1::invokeSuspend (Ljava/lang/Object;)Ljava/lang/Object;
FN:249,fourward/grpc/DataplaneServiceKt::missingPortTranslation (Lcom/google/protobuf/ByteString;Lfourward/grpc/TypeTranslator;)Lio/grpc/StatusException;
FNDA:1,fourward/grpc/DataplaneServiceKt::missingPortTranslation (Lcom/google/protobuf/ByteString;Lfourward/grpc/TypeTranslator;)Lio/grpc/StatusException;
FN:271,fourward/grpc/DataplaneServiceKt::enrichResult (I[BJLjava/util/List;Lfourward/TraceTree;Lfourward/grpc/DataplaneService$PipelineSnapshot;)Lfourward/ProcessPacketResult;
FNDA:1,fourward/grpc/DataplaneServiceKt::enrichResult (I[BJLjava/util/List;Lfourward/TraceTree;Lfourward/grpc/DataplaneService$PipelineSnapshot;)Lfourward/ProcessPacketResult;
FN:294,fourward/grpc/DataplaneServiceKt::enrichTrace (Lfourward/TraceTree;Lfourward/grpc/TypeTranslator;)Lfourward/TraceTree;
FNDA:1,fourward/grpc/DataplaneServiceKt::enrichTrace (Lfourward/TraceTree;Lfourward/grpc/TypeTranslator;)Lfourward/TraceTree;
FN:305,fourward/grpc/DataplaneServiceKt::toDualEncoded (Lfourward/OutputPacket;Lfourward/grpc/TypeTranslator;Lfourward/grpc/PacketHeaderCodec;I)Lfourward/OutputPacket;
FNDA:1,fourward/grpc/DataplaneServiceKt::toDualEncoded (Lfourward/OutputPacket;Lfourward/grpc/TypeTranslator;Lfourward/grpc/PacketHeaderCodec;I)Lfourward/OutputPacket;
BRDA:64,0,0,1
BRDA:64,0,1,1
BRDA:101,0,0,1
BRDA:101,0,1,1
BRDA:137,0,0,-
BRDA:137,0,1,-
BRDA:231,0,0,0
BRDA:231,0,1,0
BRDA:231,0,2,1
BRDA:234,0,0,1
BRDA:234,0,1,1
BRDA:234,0,2,1
BRDA:234,0,3,1
BRDA:190,0,0,1
BRDA:190,0,1,1
BRDA:215,0,0,1
BRDA:215,0,1,0
BRDA:250,0,0,1
BRDA:250,0,1,1
BRDA:271,0,0,1
BRDA:271,0,1,0
BRDA:272,0,0,1
BRDA:272,0,1,0
BRDA:273,0,0,1
BRDA:273,0,1,0
BRDA:278,0,0,1
BRDA:278,0,1,1
BRDA:278,0,2,1
BRDA:278,0,3,1
BRDA:294,0,0,1
BRDA:294,0,1,0
BRDA:294,0,2,0
BRDA:294,0,3,1
BRDA:306,0,0,1
BRDA:306,0,1,0
BRDA:314,0,0,1
BRDA:314,0,1,1
BRDA:314,0,2,1
BRDA:314,0,3,1
BRDA:315,0,0,1
BRDA:315,0,1,1
BRDA:315,0,2,1
BRDA:315,0,3,1
BRDA:321,0,0,1
BRDA:321,0,1,0
BRDA:321,0,2,0
BRDA:321,0,3,1
DA:43,1
DA:44,1
DA:45,1
DA:46,1
DA:48,1
DA:49,1
DA:50,1
DA:51,1
DA:52,1
DA:56,1
DA:57,1
DA:58,1
DA:59,1
DA:60,1
DA:64,1
DA:65,1
DA:66,1
DA:68,1
DA:70,1
DA:74,1
DA:75,1
DA:76,1
DA:77,1
DA:78,1
DA:79,1
DA:80,1
DA:81,1
DA:82,1
DA:85,1
DA:86,1
DA:89,1
DA:90,1
DA:91,1
DA:92,1
DA:93,1
DA:96,1
DA:100,1
DA:101,1
DA:102,1
DA:103,1
DA:107,1
DA:108,1
DA:109,1
DA:110,1
DA:111,1
DA:112,1
DA:113,1
DA:115,1
DA:116,1
DA:117,1
DA:118,1
DA:119,1
DA:120,1
DA:121,1
DA:124,1
DA:125,0
DA:126,0
DA:127,1
DA:128,1
DA:129,1
DA:130,1
DA:131,1
DA:132,1
DA:137,0
DA:138,0
DA:139,0
DA:140,0
DA:141,0
DA:142,0
DA:143,0
DA:144,0
DA:145,0
DA:146,0
DA:150,1
DA:151,1
DA:152,1
DA:153,1
DA:154,1
DA:157,1
DA:158,1
DA:159,1
DA:160,1
DA:161,1
DA:162,1
DA:163,1
DA:164,1
DA:165,1
DA:166,1
DA:167,1
DA:171,1
DA:172,0
DA:176,0
DA:178,1
DA:180,1
DA:181,1
DA:185,1
DA:186,1
DA:187,1
DA:188,1
DA:190,1
DA:191,1
DA:192,1
DA:207,1
DA:208,1
DA:209,1
DA:210,1
DA:214,1
DA:215,1
DA:216,1
DA:218,0
DA:221,1
DA:223,1
DA:224,1
DA:225,1
DA:226,1
DA:227,1
DA:228,1
DA:231,1
DA:232,1
DA:234,1
DA:235,1
DA:236,1
DA:238,0
DA:239,1
DA:249,1
DA:250,1
DA:251,1
DA:253,1
DA:256,1
DA:257,1
DA:260,1
DA:271,1
DA:272,1
DA:273,1
DA:274,1
DA:275,1
DA:276,1
DA:277,1
DA:278,1
DA:279,1
DA:280,1
DA:282,1
DA:283,1
DA:284,1
DA:285,1
DA:286,1
DA:289,1
DA:290,1
DA:294,1
DA:305,1
DA:306,1
DA:307,1
DA:308,1
DA:309,1
DA:310,1
DA:314,1
DA:315,1
DA:316,1
DA:317,1
DA:318,1
DA:319,1
DA:320,1
DA:321,1
DA:323,1
DA:324,1
LH:149
LF:165
end_of_record
SF:grpc/EntityReader.kt
FN:18,fourward/grpc/EntityReader::<init> (Ljava/util/Map;Ljava/util/Map;Ljava/util/Map;I)V
FNDA:1,fourward/grpc/EntityReader::<init> (Ljava/util/Map;Ljava/util/Map;Ljava/util/Map;I)V
FN:33,fourward/grpc/EntityReader::readTableEntities (Lp4/v1/P4RuntimeOuterClass$TableEntry;Lfourward/simulator/TableDataReader;)Ljava/util/List;
FNDA:1,fourward/grpc/EntityReader::readTableEntities (Lp4/v1/P4RuntimeOuterClass$TableEntry;Lfourward/simulator/TableDataReader;)Ljava/util/List;
FN:80,fourward/grpc/EntityReader::buildTableEntryEntity (Lp4/v1/P4RuntimeOuterClass$TableEntry;ZZLfourward/simulator/TableDataReader;Lp4/v1/P4RuntimeOuterClass$TableEntry;)Lp4/v1/P4RuntimeOuterClass$Entity;
FNDA:1,fourward/grpc/EntityReader::buildTableEntryEntity (Lp4/v1/P4RuntimeOuterClass$TableEntry;ZZLfourward/simulator/TableDataReader;Lp4/v1/P4RuntimeOuterClass$TableEntry;)Lp4/v1/P4RuntimeOuterClass$Entity;
FN:73,fourward/grpc/EntityReader::buildTableEntryEntity$default (Lfourward/grpc/EntityReader;Lp4/v1/P4RuntimeOuterClass$TableEntry;ZZLfourward/simulator/TableDataReader;Lp4/v1/P4RuntimeOuterClass$TableEntry;ILjava/lang/Object;)Lp4/v1/P4RuntimeOuterClass$Entity;
FNDA:1,fourward/grpc/EntityReader::buildTableEntryEntity$default (Lfourward/grpc/EntityReader;Lp4/v1/P4RuntimeOuterClass$TableEntry;ZZLfourward/simulator/TableDataReader;Lp4/v1/P4RuntimeOuterClass$TableEntry;ILjava/lang/Object;)Lp4/v1/P4RuntimeOuterClass$Entity;
FN:98,fourward/grpc/EntityReader::defaultDirectResourceEntry (I)Lp4/v1/P4RuntimeOuterClass$TableEntry;
FNDA:1,fourward/grpc/EntityReader::defaultDirectResourceEntry (I)Lp4/v1/P4RuntimeOuterClass$TableEntry;
FN:106,fourward/grpc/EntityReader::buildDefaultEntry (Ljava/lang/String;ILfourward/simulator/TableDataReader;)Lp4/v1/P4RuntimeOuterClass$TableEntry;
FNDA:1,fourward/grpc/EntityReader::buildDefaultEntry (Ljava/lang/String;ILfourward/simulator/TableDataReader;)Lp4/v1/P4RuntimeOuterClass$TableEntry;
FN:120,fourward/grpc/EntityReader::<clinit> ()V
FNDA:1,fourward/grpc/EntityReader::<clinit> ()V
FN:120,fourward/grpc/EntityReader$Companion::getEMPTY ()Lfourward/grpc/EntityReader;
FNDA:1,fourward/grpc/EntityReader$Companion::getEMPTY ()Lfourward/grpc/EntityReader;
FN:132,fourward/grpc/EntityReader$Companion::create (Lp4/config/v1/P4InfoOuterClass$P4Info;Ljava/util/Map;Ljava/util/Map;)Lfourward/grpc/EntityReader;
FNDA:1,fourward/grpc/EntityReader$Companion::create (Lp4/config/v1/P4InfoOuterClass$P4Info;Ljava/util/Map;Ljava/util/Map;)Lfourward/grpc/EntityReader;
BRDA:33,0,0,1
BRDA:33,0,1,1
BRDA:34,0,0,1
BRDA:34,0,1,1
BRDA:37,0,0,1
BRDA:37,0,1,1
BRDA:38,0,0,1
BRDA:38,0,1,1
BRDA:42,0,0,1
BRDA:42,0,1,1
BRDA:43,0,0,1
BRDA:43,0,1,0
BRDA:43,0,2,1
BRDA:43,0,3,1
BRDA:44,0,0,1
BRDA:44,0,1,0
BRDA:63,0,0,1
BRDA:63,0,1,1
BRDA:63,0,2,1
BRDA:63,0,3,1
BRDA:63,0,4,1
BRDA:63,0,5,1
BRDA:64,0,0,1
BRDA:64,0,1,1
BRDA:80,0,0,1
BRDA:80,0,1,1
BRDA:80,0,2,1
BRDA:80,0,3,1
BRDA:86,0,0,1
BRDA:86,0,1,1
BRDA:88,0,0,1
BRDA:88,0,1,1
BRDA:91,0,0,1
BRDA:91,0,1,1
BRDA:92,0,0,1
BRDA:92,0,1,1
BRDA:107,0,0,1
BRDA:107,0,1,1
BRDA:107,0,2,1
BRDA:107,0,3,1
BRDA:108,0,0,0
BRDA:108,0,1,1
BRDA:110,0,0,1
BRDA:110,0,1,1
BRDA:110,0,2,1
BRDA:110,0,3,1
BRDA:134,0,0,1
BRDA:134,0,1,1
BRDA:134,0,2,1
BRDA:134,0,3,1
BRDA:134,0,4,1
BRDA:134,0,5,1
BRDA:134,0,6,1
BRDA:134,0,7,1
DA:18,1
DA:19,1
DA:20,1
DA:21,1
DA:22,1
DA:23,1
DA:33,1
DA:34,1
DA:35,1
DA:37,1
DA:38,1
DA:42,1
DA:43,1
DA:44,1
DA:45,1
DA:46,1
DA:47,1
DA:48,1
DA:49,1
DA:50,1
DA:53,1
DA:55,1
DA:59,1
DA:60,1
DA:61,1
DA:62,1
DA:63,1
DA:64,1
DA:65,1
DA:69,1
DA:73,1
DA:78,1
DA:80,1
DA:81,1
DA:85,1
DA:86,1
DA:87,1
DA:88,1
DA:89,1
DA:91,1
DA:92,1
DA:94,1
DA:98,1
DA:106,1
DA:107,1
DA:108,1
DA:109,1
DA:110,1
DA:111,1
DA:112,1
DA:113,1
DA:114,1
DA:115,1
DA:120,1
DA:132,1
DA:133,1
DA:134,1
DA:135,1
LH:58
LF:58
end_of_record
SF:grpc/FourwardServer.kt
FN:14,fourward/grpc/FourwardServer::<init> (IJLfourward/grpc/PortOverride;Lfourward/grpc/CpuPortConfig;ZZIIZJ)V
FNDA:0,fourward/grpc/FourwardServer::<init> (IJLfourward/grpc/PortOverride;Lfourward/grpc/CpuPortConfig;ZZIIZJ)V
FN:14,fourward/grpc/FourwardServer::<init> (IJLfourward/grpc/PortOverride;Lfourward/grpc/CpuPortConfig;ZZIIZJILkotlin/jvm/internal/DefaultConstructorMarker;)V
FNDA:0,fourward/grpc/FourwardServer::<init> (IJLfourward/grpc/PortOverride;Lfourward/grpc/CpuPortConfig;ZZIIZJILkotlin/jvm/internal/DefaultConstructorMarker;)V
FN:31,fourward/grpc/FourwardServer::getSimulator ()Lfourward/simulator/Simulator;
FNDA:0,fourward/grpc/FourwardServer::getSimulator ()Lfourward/simulator/Simulator;
FN:71,fourward/grpc/FourwardServer::start ()Lfourward/grpc/FourwardServer;
FNDA:0,fourward/grpc/FourwardServer::start ()Lfourward/grpc/FourwardServer;
FN:93,fourward/grpc/FourwardServer::stop ()V
FNDA:0,fourward/grpc/FourwardServer::stop ()V
FN:99,fourward/grpc/FourwardServer::blockUntilShutdown ()V
FNDA:0,fourward/grpc/FourwardServer::blockUntilShutdown ()V
FN:102,fourward/grpc/FourwardServer::port ()I
FNDA:0,fourward/grpc/FourwardServer::port ()I
FN:63,fourward/grpc/FourwardServer$1::invoke ()Ljava/util/List;
FNDA:0,fourward/grpc/FourwardServer$1::invoke ()Ljava/util/List;
FN:64,fourward/grpc/FourwardServer$2::invoke ()Lp4/config/v1/P4InfoOuterClass$P4Info;
FNDA:0,fourward/grpc/FourwardServer$2::invoke ()Lp4/config/v1/P4InfoOuterClass$P4Info;
FN:65,fourward/grpc/FourwardServer$3::invoke (Ljava/util/List;)V
FNDA:0,fourward/grpc/FourwardServer$3::invoke (Ljava/util/List;)V
FN:35,fourward/grpc/FourwardServer$broker$1::invoke (ILfourward/simulator/PacketBits;)Lfourward/simulator/ProcessPacketResult;
FNDA:0,fourward/grpc/FourwardServer$broker$1::invoke (ILfourward/simulator/PacketBits;)Lfourward/simulator/ProcessPacketResult;
FN:51,fourward/grpc/FourwardServer$dataplaneService$1::invoke ()Lfourward/grpc/DataplaneService$PipelineSnapshot;
FNDA:0,fourward/grpc/FourwardServer$dataplaneService$1::invoke ()Lfourward/grpc/DataplaneService$PipelineSnapshot;
FN:88,fourward/grpc/FourwardServer$start$1::run ()V
FNDA:0,fourward/grpc/FourwardServer$start$1::run ()V
FN:118,fourward/grpc/FourwardServerKt::main ([Ljava/lang/String;)V
FNDA:0,fourward/grpc/FourwardServerKt::main ([Ljava/lang/String;)V
FN:166,fourward/grpc/FourwardServerKt::writePortFileAtomic (Ljava/nio/file/Path;I)V
FNDA:0,fourward/grpc/FourwardServerKt::writePortFileAtomic (Ljava/nio/file/Path;I)V
FN:172,fourward/grpc/FourwardServerKt::flagValue ([Ljava/lang/String;Ljava/lang/String;)Ljava/lang/String;
FNDA:0,fourward/grpc/FourwardServerKt::flagValue ([Ljava/lang/String;Ljava/lang/String;)Ljava/lang/String;
FN:174,fourward/grpc/FourwardServerKt::flagPresent ([Ljava/lang/String;Ljava/lang/String;)Z
FNDA:0,fourward/grpc/FourwardServerKt::flagPresent ([Ljava/lang/String;Ljava/lang/String;)Z
FN:178,fourward/grpc/FourwardServerKt::requireFlag ([Ljava/lang/String;Ljava/lang/String;Lkotlin/jvm/functions/Function1;)Ljava/lang/Object;
FNDA:0,fourward/grpc/FourwardServerKt::requireFlag ([Ljava/lang/String;Ljava/lang/String;Lkotlin/jvm/functions/Function1;)Ljava/lang/Object;
BRDA:72,0,0,-
BRDA:72,0,1,-
BRDA:93,0,0,-
BRDA:93,0,1,-
BRDA:51,0,0,-
BRDA:51,0,1,-
BRDA:52,0,0,-
BRDA:52,0,1,-
BRDA:120,0,0,-
BRDA:120,0,1,-
BRDA:122,0,0,-
BRDA:122,0,1,-
BRDA:123,0,0,-
BRDA:123,0,1,-
BRDA:125,0,0,-
BRDA:125,0,1,-
BRDA:129,0,0,-
BRDA:129,0,1,-
BRDA:132,0,0,-
BRDA:132,0,1,-
BRDA:135,0,0,-
BRDA:135,0,1,-
BRDA:138,0,0,-
BRDA:138,0,1,-
BRDA:160,0,0,-
BRDA:160,0,1,-
BRDA:172,0,0,-
BRDA:172,0,1,-
BRDA:172,0,2,-
BRDA:172,0,3,-
BRDA:172,0,4,-
BRDA:172,0,5,-
BRDA:178,0,0,-
BRDA:178,0,1,-
BRDA:178,0,2,-
BRDA:178,0,3,-
DA:14,0
DA:15,0
DA:16,0
DA:17,0
DA:18,0
DA:19,0
DA:20,0
DA:21,0
DA:22,0
DA:23,0
DA:24,0
DA:25,0
DA:31,0
DA:32,0
DA:34,0
DA:35,0
DA:36,0
DA:39,0
DA:40,0
DA:41,0
DA:42,0
DA:43,0
DA:44,0
DA:45,0
DA:46,0
DA:47,0
DA:50,0
DA:51,0
DA:52,0
DA:53,0
DA:54,0
DA:55,0
DA:56,0
DA:57,0
DA:58,0
DA:61,0
DA:63,0
DA:64,0
DA:65,0
DA:66,0
DA:71,0
DA:72,0
DA:73,0
DA:74,0
DA:79,0
DA:80,0
DA:81,0
DA:82,0
DA:83,0
DA:84,0
DA:85,0
DA:86,0
DA:87,0
DA:88,0
DA:89,0
DA:93,0
DA:94,0
DA:96,0
DA:99,0
DA:100,0
DA:102,0
DA:118,0
DA:120,0
DA:121,0
DA:122,0
DA:123,0
DA:124,0
DA:125,0
DA:126,0
DA:127,0
DA:128,0
DA:129,0
DA:130,0
DA:131,0
DA:132,0
DA:133,0
DA:134,0
DA:135,0
DA:136,0
DA:137,0
DA:138,0
DA:139,0
DA:141,0
DA:142,0
DA:143,0
DA:144,0
DA:145,0
DA:146,0
DA:147,0
DA:148,0
DA:149,0
DA:150,0
DA:151,0
DA:152,0
DA:154,0
DA:155,0
DA:160,0
DA:162,0
DA:163,0
DA:166,0
DA:167,0
DA:168,0
DA:169,0
DA:172,0
DA:174,0
DA:178,0
LH:0
LF:106
end_of_record
SF:grpc/P4RuntimeService.kt
FN:69,fourward/grpc/P4RuntimeService::<init> (Lfourward/simulator/Simulator;Lfourward/grpc/PacketBroker;Ljava/nio/file/Path;Lkotlinx/coroutines/sync/Mutex;JLfourward/grpc/CpuPortConfig;Lfourward/grpc/PortOverride;ZZ)V
FNDA:1,fourward/grpc/P4RuntimeService::<init> (Lfourward/simulator/Simulator;Lfourward/grpc/PacketBroker;Ljava/nio/file/Path;Lkotlinx/coroutines/sync/Mutex;JLfourward/grpc/CpuPortConfig;Lfourward/grpc/PortOverride;ZZ)V
FN:69,fourward/grpc/P4RuntimeService::<init> (Lfourward/simulator/Simulator;Lfourward/grpc/PacketBroker;Ljava/nio/file/Path;Lkotlinx/coroutines/sync/Mutex;JLfourward/grpc/CpuPortConfig;Lfourward/grpc/PortOverride;ZZILkotlin/jvm/internal/DefaultConstructorMarker;)V
FNDA:1,fourward/grpc/P4RuntimeService::<init> (Lfourward/simulator/Simulator;Lfourward/grpc/PacketBroker;Ljava/nio/file/Path;Lkotlinx/coroutines/sync/Mutex;JLfourward/grpc/CpuPortConfig;Lfourward/grpc/PortOverride;ZZILkotlin/jvm/internal/DefaultConstructorMarker;)V
FN:104,fourward/grpc/P4RuntimeService::getTypeTranslator ()Lfourward/grpc/TypeTranslator;
FNDA:1,fourward/grpc/P4RuntimeService::getTypeTranslator ()Lfourward/grpc/TypeTranslator;
FN:108,fourward/grpc/P4RuntimeService::getPacketHeaderCodec ()Lfourward/grpc/PacketHeaderCodec;
FNDA:1,fourward/grpc/P4RuntimeService::getPacketHeaderCodec ()Lfourward/grpc/PacketHeaderCodec;
FN:139,fourward/grpc/P4RuntimeService::requirePipeline ()Lfourward/grpc/P4RuntimeService$PipelineState;
FNDA:1,fourward/grpc/P4RuntimeService::requirePipeline ()Lfourward/grpc/P4RuntimeService$PipelineState;
FN:148,fourward/grpc/P4RuntimeService::setForwardingPipelineConfig (Lp4/v1/P4RuntimeOuterClass$SetForwardingPipelineConfigRequest;Lkotlin/coroutines/Continuation;)Ljava/lang/Object;
FNDA:1,fourward/grpc/P4RuntimeService::setForwardingPipelineConfig (Lp4/v1/P4RuntimeOuterClass$SetForwardingPipelineConfigRequest;Lkotlin/coroutines/Continuation;)Ljava/lang/Object;
FN:190,fourward/grpc/P4RuntimeService::parseDeviceConfig (Lcom/google/protobuf/ByteString;)Lfourward/DeviceConfig;
FNDA:1,fourward/grpc/P4RuntimeService::parseDeviceConfig (Lcom/google/protobuf/ByteString;)Lfourward/DeviceConfig;
FN:216,fourward/grpc/P4RuntimeService::verifyPipeline (Lp4/v1/P4RuntimeOuterClass$ForwardingPipelineConfig;)Lfourward/grpc/P4RuntimeService$PipelineState;
FNDA:1,fourward/grpc/P4RuntimeService::verifyPipeline (Lp4/v1/P4RuntimeOuterClass$ForwardingPipelineConfig;)Lfourward/grpc/P4RuntimeService$PipelineState;
FN:289,fourward/grpc/P4RuntimeService::reconcileAndCommit (Lp4/v1/P4RuntimeOuterClass$ForwardingPipelineConfig;)V
FNDA:1,fourward/grpc/P4RuntimeService::reconcileAndCommit (Lp4/v1/P4RuntimeOuterClass$ForwardingPipelineConfig;)V
FN:340,fourward/grpc/P4RuntimeService::tablesSchemaCompatible (Lp4/config/v1/P4InfoOuterClass$Table;Lp4/config/v1/P4InfoOuterClass$Table;)Z
FNDA:1,fourward/grpc/P4RuntimeService::tablesSchemaCompatible (Lp4/config/v1/P4InfoOuterClass$Table;Lp4/config/v1/P4InfoOuterClass$Table;)Z
FN:353,fourward/grpc/P4RuntimeService::commitPipeline (Lfourward/grpc/P4RuntimeService$PipelineState;)V
FNDA:1,fourward/grpc/P4RuntimeService::commitPipeline (Lfourward/grpc/P4RuntimeService$PipelineState;)V
FN:362,fourward/grpc/P4RuntimeService::activatePipeline (Lfourward/grpc/P4RuntimeService$PipelineState;Lkotlin/jvm/functions/Function1;)V
FNDA:1,fourward/grpc/P4RuntimeService::activatePipeline (Lfourward/grpc/P4RuntimeService$PipelineState;Lkotlin/jvm/functions/Function1;)V
FN:384,fourward/grpc/P4RuntimeService::applyHookUpdates (Ljava/util/List;)V
FNDA:0,fourward/grpc/P4RuntimeService::applyHookUpdates (Ljava/util/List;)V
FN:390,fourward/grpc/P4RuntimeService::p4Info ()Lp4/config/v1/P4InfoOuterClass$P4Info;
FNDA:1,fourward/grpc/P4RuntimeService::p4Info ()Lp4/config/v1/P4InfoOuterClass$P4Info;
FN:397,fourward/grpc/P4RuntimeService::readAllEntities ()Ljava/util/List;
FNDA:1,fourward/grpc/P4RuntimeService::readAllEntities ()Ljava/util/List;
FN:417,fourward/grpc/P4RuntimeService::write (Lp4/v1/P4RuntimeOuterClass$WriteRequest;Lkotlin/coroutines/Continuation;)Ljava/lang/Object;
FNDA:1,fourward/grpc/P4RuntimeService::write (Lp4/v1/P4RuntimeOuterClass$WriteRequest;Lkotlin/coroutines/Continuation;)Ljava/lang/Object;
FN:450,fourward/grpc/P4RuntimeService::writeContinueOnError (Ljava/util/List;Lfourward/grpc/P4RuntimeService$PipelineState;Ljava/lang/String;)Lp4/v1/P4RuntimeOuterClass$WriteResponse;
FNDA:1,fourward/grpc/P4RuntimeService::writeContinueOnError (Ljava/util/List;Lfourward/grpc/P4RuntimeService$PipelineState;Ljava/lang/String;)Lp4/v1/P4RuntimeOuterClass$WriteResponse;
FN:479,fourward/grpc/P4RuntimeService::writeAtomic (Ljava/util/List;Lfourward/grpc/P4RuntimeService$PipelineState;Ljava/lang/String;)Lp4/v1/P4RuntimeOuterClass$WriteResponse;
FNDA:1,fourward/grpc/P4RuntimeService::writeAtomic (Ljava/util/List;Lfourward/grpc/P4RuntimeService$PipelineState;Ljava/lang/String;)Lp4/v1/P4RuntimeOuterClass$WriteResponse;
FN:508,fourward/grpc/P4RuntimeService::atomicRollbackErrors (IILio/grpc/StatusException;)Ljava/util/List;
FNDA:1,fourward/grpc/P4RuntimeService::atomicRollbackErrors (IILio/grpc/StatusException;)Ljava/util/List;
FN:514,fourward/grpc/P4RuntimeService::processUpdate (Lp4/v1/P4RuntimeOuterClass$Update;Lfourward/grpc/P4RuntimeService$PipelineState;Ljava/lang/String;)V
FNDA:1,fourward/grpc/P4RuntimeService::processUpdate (Lp4/v1/P4RuntimeOuterClass$Update;Lfourward/grpc/P4RuntimeService$PipelineState;Ljava/lang/String;)V
FN:565,fourward/grpc/P4RuntimeService::read (Lp4/v1/P4RuntimeOuterClass$ReadRequest;)Lkotlinx/coroutines/flow/Flow;
FNDA:1,fourward/grpc/P4RuntimeService::read (Lp4/v1/P4RuntimeOuterClass$ReadRequest;)Lkotlinx/coroutines/flow/Flow;
FN:625,fourward/grpc/P4RuntimeService::streamChannel (Lkotlinx/coroutines/flow/Flow;)Lkotlinx/coroutines/flow/Flow;
FNDA:1,fourward/grpc/P4RuntimeService::streamChannel (Lkotlinx/coroutines/flow/Flow;)Lkotlinx/coroutines/flow/Flow;
FN:707,fourward/grpc/P4RuntimeService::handlePacketOut (Lp4/v1/P4RuntimeOuterClass$PacketOut;Lkotlin/coroutines/Continuation;)Ljava/lang/Object;
FNDA:1,fourward/grpc/P4RuntimeService::handlePacketOut (Lp4/v1/P4RuntimeOuterClass$PacketOut;Lkotlin/coroutines/Continuation;)Ljava/lang/Object;
FN:763,fourward/grpc/P4RuntimeService::buildPacketInResponses (Ljava/util/List;I)Ljava/util/List;
FNDA:1,fourward/grpc/P4RuntimeService::buildPacketInResponses (Ljava/util/List;I)Ljava/util/List;
FN:783,fourward/grpc/P4RuntimeService::extractIngressPort (Ljava/util/List;)I
FNDA:1,fourward/grpc/P4RuntimeService::extractIngressPort (Ljava/util/List;)I
FN:794,fourward/grpc/P4RuntimeService::getForwardingPipelineConfig (Lp4/v1/P4RuntimeOuterClass$GetForwardingPipelineConfigRequest;Lkotlin/coroutines/Continuation;)Ljava/lang/Object;
FNDA:1,fourward/grpc/P4RuntimeService::getForwardingPipelineConfig (Lp4/v1/P4RuntimeOuterClass$GetForwardingPipelineConfigRequest;Lkotlin/coroutines/Continuation;)Ljava/lang/Object;
FN:827,fourward/grpc/P4RuntimeService::capabilities (Lp4/v1/P4RuntimeOuterClass$CapabilitiesRequest;Lkotlin/coroutines/Continuation;)Ljava/lang/Object;
FNDA:1,fourward/grpc/P4RuntimeService::capabilities (Lp4/v1/P4RuntimeOuterClass$CapabilitiesRequest;Lkotlin/coroutines/Continuation;)Ljava/lang/Object;
FN:838,fourward/grpc/P4RuntimeService::requirePrimaryOrNoArbitration (Lp4/v1/P4RuntimeOuterClass$Uint128;Ljava/lang/String;)V
FNDA:1,fourward/grpc/P4RuntimeService::requirePrimaryOrNoArbitration (Lp4/v1/P4RuntimeOuterClass$Uint128;Ljava/lang/String;)V
FN:837,fourward/grpc/P4RuntimeService::requirePrimaryOrNoArbitration$default (Lfourward/grpc/P4RuntimeService;Lp4/v1/P4RuntimeOuterClass$Uint128;Ljava/lang/String;ILjava/lang/Object;)V
FNDA:0,fourward/grpc/P4RuntimeService::requirePrimaryOrNoArbitration$default (Lfourward/grpc/P4RuntimeService;Lp4/v1/P4RuntimeOuterClass$Uint128;Ljava/lang/String;ILjava/lang/Object;)V
FN:868,fourward/grpc/P4RuntimeService::handleArbitration (Ljava/lang/Object;Lp4/v1/P4RuntimeOuterClass$MasterArbitrationUpdate;Lkotlinx/coroutines/channels/SendChannel;Lkotlin/coroutines/Continuation;)Ljava/lang/Object;
FNDA:1,fourward/grpc/P4RuntimeService::handleArbitration (Ljava/lang/Object;Lp4/v1/P4RuntimeOuterClass$MasterArbitrationUpdate;Lkotlinx/coroutines/channels/SendChannel;Lkotlin/coroutines/Continuation;)Ljava/lang/Object;
FN:903,fourward/grpc/P4RuntimeService::handleDisconnect (Ljava/lang/Object;Lkotlin/coroutines/Continuation;)Ljava/lang/Object;
FNDA:1,fourward/grpc/P4RuntimeService::handleDisconnect (Ljava/lang/Object;Lkotlin/coroutines/Continuation;)Ljava/lang/Object;
FN:917,fourward/grpc/P4RuntimeService::recomputeRolePrimary (Ljava/lang/String;Ljava/lang/Object;)V
FNDA:1,fourward/grpc/P4RuntimeService::recomputeRolePrimary (Ljava/lang/String;Ljava/lang/Object;)V
FN:916,fourward/grpc/P4RuntimeService::recomputeRolePrimary$default (Lfourward/grpc/P4RuntimeService;Ljava/lang/String;Ljava/lang/Object;ILjava/lang/Object;)V
FNDA:1,fourward/grpc/P4RuntimeService::recomputeRolePrimary$default (Lfourward/grpc/P4RuntimeService;Ljava/lang/String;Ljava/lang/Object;ILjava/lang/Object;)V
FN:936,fourward/grpc/P4RuntimeService::computePrimary (Ljava/lang/String;Ljava/lang/Object;)Lp4/v1/P4RuntimeOuterClass$Uint128;
FNDA:1,fourward/grpc/P4RuntimeService::computePrimary (Ljava/lang/String;Ljava/lang/Object;)Lp4/v1/P4RuntimeOuterClass$Uint128;
FN:935,fourward/grpc/P4RuntimeService::computePrimary$default (Lfourward/grpc/P4RuntimeService;Ljava/lang/String;Ljava/lang/Object;ILjava/lang/Object;)Lp4/v1/P4RuntimeOuterClass$Uint128;
FNDA:1,fourward/grpc/P4RuntimeService::computePrimary$default (Lfourward/grpc/P4RuntimeService;Ljava/lang/String;Ljava/lang/Object;ILjava/lang/Object;)Lp4/v1/P4RuntimeOuterClass$Uint128;
FN:949,fourward/grpc/P4RuntimeService::notifyRoleChanges (Ljava/lang/String;Ljava/lang/Object;Lp4/v1/P4RuntimeOuterClass$Uint128;Lp4/v1/P4RuntimeOuterClass$Uint128;)V
FNDA:1,fourward/grpc/P4RuntimeService::notifyRoleChanges (Ljava/lang/String;Ljava/lang/Object;Lp4/v1/P4RuntimeOuterClass$Uint128;Lp4/v1/P4RuntimeOuterClass$Uint128;)V
FN:972,fourward/grpc/P4RuntimeService::buildArbitrationResponse (JLp4/v1/P4RuntimeOuterClass$Uint128;ZLjava/lang/String;)Lp4/v1/P4RuntimeOuterClass$StreamMessageResponse;
FNDA:1,fourward/grpc/P4RuntimeService::buildArbitrationResponse (JLp4/v1/P4RuntimeOuterClass$Uint128;ZLjava/lang/String;)Lp4/v1/P4RuntimeOuterClass$StreamMessageResponse;
FN:966,fourward/grpc/P4RuntimeService::buildArbitrationResponse$default (Lfourward/grpc/P4RuntimeService;JLp4/v1/P4RuntimeOuterClass$Uint128;ZLjava/lang/String;ILjava/lang/Object;)Lp4/v1/P4RuntimeOuterClass$StreamMessageResponse;
FNDA:0,fourward/grpc/P4RuntimeService::buildArbitrationResponse$default (Lfourward/grpc/P4RuntimeService;JLp4/v1/P4RuntimeOuterClass$Uint128;ZLjava/lang/String;ILjava/lang/Object;)Lp4/v1/P4RuntimeOuterClass$StreamMessageResponse;
FN:988,fourward/grpc/P4RuntimeService::requireDeviceId (J)V
FNDA:1,fourward/grpc/P4RuntimeService::requireDeviceId (J)V
FN:1014,fourward/grpc/P4RuntimeService::requireEntityAccess (Lp4/v1/P4RuntimeOuterClass$Entity;Lfourward/grpc/RoleMap;Ljava/lang/String;)V
FNDA:1,fourward/grpc/P4RuntimeService::requireEntityAccess (Lp4/v1/P4RuntimeOuterClass$Entity;Lfourward/grpc/RoleMap;Ljava/lang/String;)V
FN:1038,fourward/grpc/P4RuntimeService::filterByRole (Ljava/util/List;Lfourward/grpc/RoleMap;Ljava/lang/String;)Ljava/util/List;
FNDA:1,fourward/grpc/P4RuntimeService::filterByRole (Ljava/util/List;Lfourward/grpc/RoleMap;Ljava/lang/String;)Ljava/util/List;
FN:1052,fourward/grpc/P4RuntimeService::entityIdForRole (Lp4/v1/P4RuntimeOuterClass$Entity;)Ljava/lang/Integer;
FNDA:1,fourward/grpc/P4RuntimeService::entityIdForRole (Lp4/v1/P4RuntimeOuterClass$Entity;)Ljava/lang/Integer;
FN:1076,fourward/grpc/P4RuntimeService::rejectUnsupportedEntity (Lp4/v1/P4RuntimeOuterClass$Entity;)V
FNDA:1,fourward/grpc/P4RuntimeService::rejectUnsupportedEntity (Lp4/v1/P4RuntimeOuterClass$Entity;)V
FN:1112,fourward/grpc/P4RuntimeService::buildBatchError (Ljava/util/List;Ljava/lang/String;Ljava/lang/String;)Lio/grpc/StatusException;
FNDA:1,fourward/grpc/P4RuntimeService::buildBatchError (Ljava/util/List;Ljava/lang/String;Ljava/lang/String;)Lio/grpc/StatusException;
FN:1131,fourward/grpc/P4RuntimeService::batchItemError (Lio/grpc/StatusException;)Lp4/v1/P4RuntimeOuterClass$Error;
FNDA:1,fourward/grpc/P4RuntimeService::batchItemError (Lio/grpc/StatusException;)Lp4/v1/P4RuntimeOuterClass$Error;
FN:1139,fourward/grpc/P4RuntimeService::abortedBatchItemError (I)Lp4/v1/P4RuntimeOuterClass$Error;
FNDA:1,fourward/grpc/P4RuntimeService::abortedBatchItemError (I)Lp4/v1/P4RuntimeOuterClass$Error;
FN:1147,fourward/grpc/P4RuntimeService::close ()V
FNDA:1,fourward/grpc/P4RuntimeService::close ()V
FN:1161,fourward/grpc/P4RuntimeService::resolvePortOverride (Lfourward/grpc/PortOverride;Lfourward/grpc/PortTranslator;Ljava/lang/String;)Ljava/lang/Integer;
FNDA:1,fourward/grpc/P4RuntimeService::resolvePortOverride (Lfourward/grpc/PortOverride;Lfourward/grpc/PortTranslator;Ljava/lang/String;)Ljava/lang/Integer;
FN:710,fourward/grpc/P4RuntimeService::handlePacketOut$packetOutError (Lp4/v1/P4RuntimeOuterClass$PacketOut;ILjava/lang/String;)Lp4/v1/P4RuntimeOuterClass$StreamMessageResponse;
FNDA:1,fourward/grpc/P4RuntimeService::handlePacketOut$packetOutError (Lp4/v1/P4RuntimeOuterClass$PacketOut;ILjava/lang/String;)Lp4/v1/P4RuntimeOuterClass$StreamMessageResponse;
FN:1205,fourward/grpc/P4RuntimeService::<clinit> ()V
FNDA:1,fourward/grpc/P4RuntimeService::<clinit> ()V
FN:1210,fourward/grpc/P4RuntimeService$Companion::isZeroElectionId (Lp4/v1/P4RuntimeOuterClass$Uint128;)Z
FNDA:1,fourward/grpc/P4RuntimeService$Companion::isZeroElectionId (Lp4/v1/P4RuntimeOuterClass$Uint128;)Z
FN:118,fourward/grpc/P4RuntimeService$ControllerStream::<init> (Ljava/lang/String;Lp4/v1/P4RuntimeOuterClass$Uint128;Lkotlinx/coroutines/channels/SendChannel;)V
FNDA:1,fourward/grpc/P4RuntimeService$ControllerStream::<init> (Ljava/lang/String;Lp4/v1/P4RuntimeOuterClass$Uint128;Lkotlinx/coroutines/channels/SendChannel;)V
FN:119,fourward/grpc/P4RuntimeService$ControllerStream::getRoleName ()Ljava/lang/String;
FNDA:1,fourward/grpc/P4RuntimeService$ControllerStream::getRoleName ()Ljava/lang/String;
FN:120,fourward/grpc/P4RuntimeService$ControllerStream::getElectionId ()Lp4/v1/P4RuntimeOuterClass$Uint128;
FNDA:1,fourward/grpc/P4RuntimeService$ControllerStream::getElectionId ()Lp4/v1/P4RuntimeOuterClass$Uint128;
FN:121,fourward/grpc/P4RuntimeService$ControllerStream::getNotifications ()Lkotlinx/coroutines/channels/SendChannel;
FNDA:1,fourward/grpc/P4RuntimeService$ControllerStream::getNotifications ()Lkotlinx/coroutines/channels/SendChannel;
FN:87,fourward/grpc/P4RuntimeService$PipelineState::<init> (Lfourward/PipelineConfig;Lp4/v1/P4RuntimeOuterClass$ForwardingPipelineConfig$Cookie;Lfourward/grpc/TypeTranslator;Lfourward/grpc/WriteValidator;Lfourward/grpc/ReferenceValidator;Lfourward/grpc/ConstraintValidator;Lfourward/grpc/PacketHeaderCodec;Ljava/lang/Integer;Lfourward/grpc/EntityReader;Lfourward/grpc/RoleMap;)V
FNDA:1,fourward/grpc/P4RuntimeService$PipelineState::<init> (Lfourward/PipelineConfig;Lp4/v1/P4RuntimeOuterClass$ForwardingPipelineConfig$Cookie;Lfourward/grpc/TypeTranslator;Lfourward/grpc/WriteValidator;Lfourward/grpc/ReferenceValidator;Lfourward/grpc/ConstraintValidator;Lfourward/grpc/PacketHeaderCodec;Ljava/lang/Integer;Lfourward/grpc/EntityReader;Lfourward/grpc/RoleMap;)V
FN:88,fourward/grpc/P4RuntimeService$PipelineState::getConfig ()Lfourward/PipelineConfig;
FNDA:1,fourward/grpc/P4RuntimeService$PipelineState::getConfig ()Lfourward/PipelineConfig;
FN:89,fourward/grpc/P4RuntimeService$PipelineState::getCookie ()Lp4/v1/P4RuntimeOuterClass$ForwardingPipelineConfig$Cookie;
FNDA:1,fourward/grpc/P4RuntimeService$PipelineState::getCookie ()Lp4/v1/P4RuntimeOuterClass$ForwardingPipelineConfig$Cookie;
FN:90,fourward/grpc/P4RuntimeService$PipelineState::getTypeTranslator ()Lfourward/grpc/TypeTranslator;
FNDA:1,fourward/grpc/P4RuntimeService$PipelineState::getTypeTranslator ()Lfourward/grpc/TypeTranslator;
FN:91,fourward/grpc/P4RuntimeService$PipelineState::getWriteValidator ()Lfourward/grpc/WriteValidator;
FNDA:1,fourward/grpc/P4RuntimeService$PipelineState::getWriteValidator ()Lfourward/grpc/WriteValidator;
FN:92,fourward/grpc/P4RuntimeService$PipelineState::getReferenceValidator ()Lfourward/grpc/ReferenceValidator;
FNDA:1,fourward/grpc/P4RuntimeService$PipelineState::getReferenceValidator ()Lfourward/grpc/ReferenceValidator;
FN:93,fourward/grpc/P4RuntimeService$PipelineState::getConstraintValidator ()Lfourward/grpc/ConstraintValidator;
FNDA:1,fourward/grpc/P4RuntimeService$PipelineState::getConstraintValidator ()Lfourward/grpc/ConstraintValidator;
FN:94,fourward/grpc/P4RuntimeService$PipelineState::getPacketHeaderCodec ()Lfourward/grpc/PacketHeaderCodec;
FNDA:1,fourward/grpc/P4RuntimeService$PipelineState::getPacketHeaderCodec ()Lfourward/grpc/PacketHeaderCodec;
FN:95,fourward/grpc/P4RuntimeService$PipelineState::getResolvedDropPort ()Ljava/lang/Integer;
FNDA:1,fourward/grpc/P4RuntimeService$PipelineState::getResolvedDropPort ()Ljava/lang/Integer;
FN:96,fourward/grpc/P4RuntimeService$PipelineState::getEntityReader ()Lfourward/grpc/EntityReader;
FNDA:1,fourward/grpc/P4RuntimeService$PipelineState::getEntityReader ()Lfourward/grpc/EntityReader;
FN:97,fourward/grpc/P4RuntimeService$PipelineState::getRoleMap ()Lfourward/grpc/RoleMap;
FNDA:1,fourward/grpc/P4RuntimeService$PipelineState::getRoleMap ()Lfourward/grpc/RoleMap;
FN:125,fourward/grpc/P4RuntimeService$RoleElection::<init> (Lp4/v1/P4RuntimeOuterClass$Uint128;Z)V
FNDA:1,fourward/grpc/P4RuntimeService$RoleElection::<init> (Lp4/v1/P4RuntimeOuterClass$Uint128;Z)V
FN:125,fourward/grpc/P4RuntimeService$RoleElection::<init> (Lp4/v1/P4RuntimeOuterClass$Uint128;ZILkotlin/jvm/internal/DefaultConstructorMarker;)V
FNDA:1,fourward/grpc/P4RuntimeService$RoleElection::<init> (Lp4/v1/P4RuntimeOuterClass$Uint128;ZILkotlin/jvm/internal/DefaultConstructorMarker;)V
FN:126,fourward/grpc/P4RuntimeService$RoleElection::getPrimaryElectionId ()Lp4/v1/P4RuntimeOuterClass$Uint128;
FNDA:1,fourward/grpc/P4RuntimeService$RoleElection::getPrimaryElectionId ()Lp4/v1/P4RuntimeOuterClass$Uint128;
FN:127,fourward/grpc/P4RuntimeService$RoleElection::getArbitrationOccurred ()Z
FNDA:1,fourward/grpc/P4RuntimeService$RoleElection::getArbitrationOccurred ()Z
FN:1118,fourward/grpc/P4RuntimeService$buildBatchError$failedDetails$2::invoke (Lkotlin/collections/IndexedValue;)Ljava/lang/CharSequence;
FNDA:1,fourward/grpc/P4RuntimeService$buildBatchError$failedDetails$2::invoke (Lkotlin/collections/IndexedValue;)Ljava/lang/CharSequence;
FN:353,fourward/grpc/P4RuntimeService$commitPipeline$1::invoke (Lfourward/PipelineConfig;)V
FNDA:1,fourward/grpc/P4RuntimeService$commitPipeline$1::invoke (Lfourward/PipelineConfig;)V
FN:940,fourward/grpc/P4RuntimeService$computePrimary$4::compare (Lp4/v1/P4RuntimeOuterClass$Uint128;Lp4/v1/P4RuntimeOuterClass$Uint128;)I
FNDA:1,fourward/grpc/P4RuntimeService$computePrimary$4::compare (Lp4/v1/P4RuntimeOuterClass$Uint128;Lp4/v1/P4RuntimeOuterClass$Uint128;)I
FN:565,fourward/grpc/P4RuntimeService$read$1::invokeSuspend (Ljava/lang/Object;)Ljava/lang/Object;
FNDA:1,fourward/grpc/P4RuntimeService$read$1::invokeSuspend (Ljava/lang/Object;)Ljava/lang/Object;
FN:327,fourward/grpc/P4RuntimeService$reconcileAndCommit$1::invoke (Lfourward/PipelineConfig;)V
FNDA:1,fourward/grpc/P4RuntimeService$reconcileAndCommit$1::invoke (Lfourward/PipelineConfig;)V
FN:625,fourward/grpc/P4RuntimeService$streamChannel$1::invokeSuspend (Ljava/lang/Object;)Ljava/lang/Object;
FNDA:1,fourward/grpc/P4RuntimeService$streamChannel$1::invokeSuspend (Ljava/lang/Object;)Ljava/lang/Object;
FN:630,fourward/grpc/P4RuntimeService$streamChannel$1$1::invokeSuspend (Ljava/lang/Object;)Ljava/lang/Object;
FNDA:1,fourward/grpc/P4RuntimeService$streamChannel$1$1::invokeSuspend (Ljava/lang/Object;)Ljava/lang/Object;
FN:655,fourward/grpc/P4RuntimeService$streamChannel$1$2::emit (Lp4/v1/P4RuntimeOuterClass$StreamMessageRequest;Lkotlin/coroutines/Continuation;)Ljava/lang/Object;
FNDA:1,fourward/grpc/P4RuntimeService$streamChannel$1$2::emit (Lp4/v1/P4RuntimeOuterClass$StreamMessageRequest;Lkotlin/coroutines/Continuation;)Ljava/lang/Object;
FN:692,fourward/grpc/P4RuntimeService$streamChannel$1$3::invokeSuspend (Ljava/lang/Object;)Ljava/lang/Object;
FNDA:1,fourward/grpc/P4RuntimeService$streamChannel$1$3::invokeSuspend (Ljava/lang/Object;)Ljava/lang/Object;
FN:636,fourward/grpc/P4RuntimeService$streamChannel$1$packetInHandle$1::invokeSuspend (Ljava/lang/Object;)Ljava/lang/Object;
FNDA:1,fourward/grpc/P4RuntimeService$streamChannel$1$packetInHandle$1::invokeSuspend (Ljava/lang/Object;)Ljava/lang/Object;
FN:56,fourward/grpc/P4RuntimeServiceKt::compareUint128 (Lp4/v1/P4RuntimeOuterClass$Uint128;Lp4/v1/P4RuntimeOuterClass$Uint128;)I
FNDA:1,fourward/grpc/P4RuntimeServiceKt::compareUint128 (Lp4/v1/P4RuntimeOuterClass$Uint128;Lp4/v1/P4RuntimeOuterClass$Uint128;)I
BRDA:104,0,0,1
BRDA:104,0,1,0
BRDA:108,0,0,1
BRDA:108,0,1,0
BRDA:139,0,0,1
BRDA:139,0,1,1
BRDA:151,0,0,1
BRDA:151,0,1,1
BRDA:151,0,2,1
BRDA:151,0,3,1
BRDA:151,0,4,1
BRDA:151,0,5,1
BRDA:153,0,0,0
BRDA:153,0,1,1
BRDA:157,0,0,0
BRDA:157,0,1,1
BRDA:157,0,2,0
BRDA:157,0,3,1
BRDA:162,0,0,1
BRDA:162,0,1,1
BRDA:216,0,0,1
BRDA:216,0,1,0
BRDA:216,0,2,1
BRDA:216,0,3,1
BRDA:241,0,0,1
BRDA:241,0,1,1
BRDA:243,0,0,1
BRDA:243,0,1,1
BRDA:246,0,0,1
BRDA:246,0,1,1
BRDA:258,0,0,0
BRDA:258,0,1,1
BRDA:259,0,0,1
BRDA:259,0,1,1
BRDA:267,0,0,1
BRDA:267,0,1,0
BRDA:273,0,0,1
BRDA:273,0,1,0
BRDA:291,0,0,1
BRDA:291,0,1,1
BRDA:298,0,0,1
BRDA:298,0,1,1
BRDA:299,0,0,0
BRDA:299,0,1,1
BRDA:309,0,0,1
BRDA:309,0,1,1
BRDA:312,0,0,1
BRDA:312,0,1,1
BRDA:318,0,0,1
BRDA:318,0,1,0
BRDA:318,0,2,1
BRDA:318,0,3,1
BRDA:340,0,0,1
BRDA:340,0,1,1
BRDA:343,0,0,1
BRDA:343,0,1,1
BRDA:344,0,0,1
BRDA:344,0,1,0
BRDA:344,0,2,1
BRDA:344,0,3,1
BRDA:344,0,4,0
BRDA:344,0,5,1
BRDA:369,0,0,1
BRDA:369,0,1,1
BRDA:369,0,2,0
BRDA:369,0,3,1
BRDA:390,0,0,1
BRDA:390,0,1,0
BRDA:390,0,2,1
BRDA:390,0,3,0
BRDA:397,0,0,0
BRDA:397,0,1,1
BRDA:422,0,0,1
BRDA:422,0,1,1
BRDA:422,0,2,0
BRDA:452,0,0,1
BRDA:452,0,1,1
BRDA:463,0,0,1
BRDA:463,0,1,1
BRDA:480,0,0,1
BRDA:480,0,1,0
BRDA:508,0,0,1
BRDA:508,0,1,1
BRDA:509,0,0,1
BRDA:509,0,1,1
BRDA:520,0,0,1
BRDA:520,0,1,0
BRDA:520,0,2,1
BRDA:520,0,3,1
BRDA:523,0,0,1
BRDA:523,0,1,1
BRDA:523,0,2,1
BRDA:523,0,3,1
BRDA:532,0,0,1
BRDA:532,0,1,1
BRDA:541,0,0,1
BRDA:541,0,1,1
BRDA:541,0,2,1
BRDA:541,0,3,1
BRDA:541,0,4,1
BRDA:541,0,5,1
BRDA:543,0,0,1
BRDA:543,0,1,1
BRDA:549,0,0,1
BRDA:549,0,1,1
BRDA:550,0,0,1
BRDA:550,0,1,1
BRDA:552,0,0,1
BRDA:552,0,1,1
BRDA:554,0,0,1
BRDA:554,0,1,1
BRDA:707,0,0,1
BRDA:707,0,1,1
BRDA:714,0,0,0
BRDA:714,0,1,1
BRDA:720,0,0,1
BRDA:720,0,1,0
BRDA:720,0,2,1
BRDA:720,0,3,1
BRDA:722,0,0,1
BRDA:722,0,1,1
BRDA:722,0,2,1
BRDA:722,0,3,1
BRDA:728,0,0,1
BRDA:728,0,1,1
BRDA:763,0,0,0
BRDA:763,0,1,1
BRDA:764,0,0,1
BRDA:764,0,1,1
BRDA:765,0,0,1
BRDA:765,0,1,0
BRDA:765,0,2,1
BRDA:765,0,3,1
BRDA:768,0,0,1
BRDA:768,0,1,1
BRDA:776,0,0,1
BRDA:776,0,1,1
BRDA:776,0,2,1
BRDA:776,0,3,1
BRDA:783,0,0,1
BRDA:783,0,1,0
BRDA:783,0,2,1
BRDA:783,0,3,0
BRDA:783,0,4,1
BRDA:783,0,5,0
BRDA:784,0,0,1
BRDA:784,0,1,0
BRDA:784,0,2,1
BRDA:784,0,3,0
BRDA:798,0,0,1
BRDA:798,0,1,1
BRDA:798,0,2,1
BRDA:798,0,3,1
BRDA:798,0,4,1
BRDA:839,0,0,1
BRDA:839,0,1,1
BRDA:839,0,2,0
BRDA:839,0,3,1
BRDA:841,0,0,1
BRDA:841,0,1,1
BRDA:841,0,2,0
BRDA:841,0,3,1
BRDA:843,0,0,0
BRDA:843,0,1,1
BRDA:843,0,2,0
BRDA:843,0,3,0
BRDA:843,0,4,1
BRDA:843,0,5,0
BRDA:844,0,0,1
BRDA:844,0,1,1
BRDA:844,0,2,1
BRDA:844,0,3,1
BRDA:868,0,0,1
BRDA:868,0,1,1
BRDA:878,0,0,1
BRDA:878,0,1,1
BRDA:878,0,2,1
BRDA:878,0,3,1
BRDA:891,0,0,1
BRDA:891,0,1,1
BRDA:896,0,0,1
BRDA:896,0,1,1
BRDA:896,0,2,1
BRDA:896,0,3,0
BRDA:896,0,4,1
BRDA:896,0,5,1
BRDA:897,0,0,1
BRDA:897,0,1,1
BRDA:904,0,0,1
BRDA:904,0,1,1
BRDA:917,0,0,0
BRDA:917,0,1,1
BRDA:923,0,0,1
BRDA:923,0,1,1
BRDA:923,0,2,1
BRDA:923,0,3,1
BRDA:923,0,4,1
BRDA:923,0,5,1
BRDA:924,0,0,1
BRDA:924,0,1,1
BRDA:925,0,0,1
BRDA:925,0,1,0
BRDA:925,0,2,1
BRDA:925,0,3,0
BRDA:925,0,4,1
BRDA:925,0,5,0
BRDA:937,0,0,1
BRDA:937,0,1,1
BRDA:937,0,2,1
BRDA:937,0,3,1
BRDA:939,0,0,1
BRDA:939,0,1,1
BRDA:949,0,0,1
BRDA:949,0,1,1
BRDA:950,0,0,1
BRDA:950,0,1,1
BRDA:950,0,2,1
BRDA:950,0,3,1
BRDA:951,0,0,1
BRDA:951,0,1,0
BRDA:951,0,2,1
BRDA:951,0,3,1
BRDA:952,0,0,1
BRDA:952,0,1,0
BRDA:952,0,2,1
BRDA:952,0,3,1
BRDA:954,0,0,1
BRDA:954,0,1,1
BRDA:954,0,2,1
BRDA:954,0,3,0
BRDA:958,0,0,1
BRDA:958,0,1,0
BRDA:958,0,2,1
BRDA:958,0,3,0
BRDA:978,0,0,1
BRDA:978,0,1,1
BRDA:980,0,0,1
BRDA:980,0,1,1
BRDA:980,0,2,1
BRDA:980,0,3,1
BRDA:988,0,0,1
BRDA:988,0,1,1
BRDA:1014,0,0,1
BRDA:1014,0,1,1
BRDA:1014,0,2,1
BRDA:1014,0,3,1
BRDA:1016,0,0,1
BRDA:1016,0,1,1
BRDA:1017,0,0,1
BRDA:1017,0,1,1
BRDA:1019,0,0,1
BRDA:1019,0,1,1
BRDA:1020,0,0,1
BRDA:1020,0,1,1
BRDA:1039,0,0,1
BRDA:1039,0,1,1
BRDA:1052,0,0,1
BRDA:1052,0,1,0
BRDA:1052,0,2,1
BRDA:1052,0,3,1
BRDA:1052,0,4,0
BRDA:1052,0,5,1
BRDA:1076,0,0,1
BRDA:1076,0,1,0
BRDA:1076,0,2,1
BRDA:1112,0,0,1
BRDA:1112,0,1,1
BRDA:1117,0,0,1
BRDA:1117,0,1,1
BRDA:1122,0,0,1
BRDA:1122,0,1,1
BRDA:1133,0,0,0
BRDA:1133,0,1,1
BRDA:1147,0,0,1
BRDA:1147,0,1,1
BRDA:1147,0,2,1
BRDA:1147,0,3,1
BRDA:1148,0,0,1
BRDA:1148,0,1,1
BRDA:1148,0,2,0
BRDA:1148,0,3,1
BRDA:1162,0,0,1
BRDA:1162,0,1,1
BRDA:1163,0,0,1
BRDA:1163,0,1,1
BRDA:1166,0,0,1
BRDA:1166,0,1,1
BRDA:1172,0,0,1
BRDA:1172,0,1,1
BRDA:1210,0,0,1
BRDA:1210,0,1,0
BRDA:1210,0,2,1
BRDA:1210,0,3,1
BRDA:578,0,0,1
BRDA:578,0,1,1
BRDA:586,0,0,1
BRDA:586,0,1,1
BRDA:607,0,0,1
BRDA:607,0,1,1
BRDA:607,0,2,1
BRDA:607,0,3,1
BRDA:608,0,0,1
BRDA:608,0,1,1
BRDA:608,0,2,1
BRDA:608,0,3,1
BRDA:611,0,0,1
BRDA:611,0,1,0
BRDA:611,0,2,1
BRDA:611,0,3,1
BRDA:612,0,0,1
BRDA:612,0,1,1
BRDA:615,0,0,1
BRDA:615,0,1,1
BRDA:630,0,0,1
BRDA:630,0,1,1
BRDA:656,0,0,1
BRDA:656,0,1,0
BRDA:656,0,2,1
BRDA:656,0,3,1
BRDA:659,0,0,1
BRDA:659,0,1,1
BRDA:639,0,0,1
BRDA:639,0,1,1
BRDA:57,0,0,1
BRDA:57,0,1,1
DA:56,1
DA:57,1
DA:58,1
DA:69,1
DA:70,1
DA:71,1
DA:72,1
DA:78,1
DA:79,1
DA:80,1
DA:81,1
DA:82,1
DA:83,1
DA:84,1
DA:87,1
DA:88,1
DA:89,1
DA:90,1
DA:91,1
DA:92,1
DA:93,1
DA:94,1
DA:95,1
DA:96,1
DA:97,1
DA:104,1
DA:108,1
DA:118,1
DA:119,1
DA:120,1
DA:121,1
DA:125,1
DA:126,1
DA:127,1
DA:128,1
DA:130,1
DA:131,1
DA:136,1
DA:139,1
DA:148,1
DA:149,1
DA:150,1
DA:151,1
DA:153,1
DA:155,1
DA:157,1
DA:158,1
DA:161,1
DA:162,1
DA:163,1
DA:164,1
DA:166,1
DA:167,1
DA:168,1
DA:171,1
DA:174,1
DA:175,1
DA:179,1
DA:181,1
DA:182,1
DA:190,1
DA:191,1
DA:192,1
DA:193,1
DA:194,1
DA:196,1
DA:197,1
DA:198,1
DA:199,1
DA:200,1
DA:201,1
DA:202,1
DA:204,1
DA:206,1
DA:207,1
DA:216,1
DA:217,1
DA:218,1
DA:220,1
DA:223,1
DA:225,1
DA:226,1
DA:228,1
DA:229,1
DA:230,1
DA:231,1
DA:232,1
DA:235,1
DA:236,1
DA:237,1
DA:238,1
DA:239,1
DA:241,1
DA:243,1
DA:244,1
DA:246,1
DA:247,1
DA:248,1
DA:249,0
DA:250,0
DA:251,0
DA:252,1
DA:253,1
DA:257,1
DA:258,1
DA:259,1
DA:260,1
DA:261,1
DA:262,1
DA:263,1
DA:264,1
DA:265,1
DA:266,1
DA:267,1
DA:268,1
DA:273,1
DA:276,1
DA:277,1
DA:289,1
DA:290,1
DA:291,1
DA:292,1
DA:293,1
DA:298,1
DA:299,1
DA:300,1
DA:301,1
DA:304,1
DA:305,1
DA:306,1
DA:309,1
DA:310,1
DA:311,1
DA:312,1
DA:313,1
DA:314,1
DA:316,1
DA:318,1
DA:319,1
DA:320,1
DA:322,1
DA:326,1
DA:327,1
DA:328,1
DA:329,1
DA:340,1
DA:341,1
DA:342,1
DA:343,1
DA:344,1
DA:346,1
DA:347,1
DA:348,1
DA:353,1
DA:354,1
DA:362,1
DA:363,1
DA:364,1
DA:365,1
DA:366,1
DA:367,1
DA:369,1
DA:370,1
DA:371,1
DA:372,1
DA:373,1
DA:384,0
DA:385,0
DA:386,0
DA:387,0
DA:390,1
DA:397,1
DA:398,1
DA:399,1
DA:400,1
DA:401,1
DA:402,1
DA:403,1
DA:404,1
DA:405,1
DA:407,1
DA:410,1
DA:411,1
DA:412,1
DA:413,1
DA:417,1
DA:418,1
DA:419,1
DA:420,1
DA:421,1
DA:422,1
DA:424,1
DA:426,1
DA:427,1
DA:430,1
DA:435,0
DA:436,1
DA:437,1
DA:450,1
DA:451,1
DA:452,1
DA:453,1
DA:454,1
DA:455,1
DA:456,1
DA:457,1
DA:458,1
DA:462,1
DA:463,1
DA:464,1
DA:466,1
DA:479,1
DA:480,1
DA:481,1
DA:482,1
DA:483,1
DA:484,1
DA:485,1
DA:486,1
DA:487,1
DA:488,1
DA:489,1
DA:493,0
DA:494,0
DA:508,1
DA:509,1
DA:510,1
DA:514,1
DA:515,1
DA:518,1
DA:519,1
DA:520,1
DA:521,1
DA:522,1
DA:523,1
DA:524,1
DA:525,1
DA:526,1
DA:527,1
DA:532,1
DA:533,1
DA:534,1
DA:535,1
DA:540,1
DA:541,1
DA:542,1
DA:543,1
DA:544,1
DA:548,1
DA:549,1
DA:550,1
DA:551,1
DA:552,1
DA:553,1
DA:554,1
DA:555,1
DA:556,1
DA:557,1
DA:559,1
DA:565,1
DA:570,1
DA:571,1
DA:572,1
DA:575,1
DA:576,1
DA:577,1
DA:578,1
DA:579,1
DA:580,1
DA:583,1
DA:584,1
DA:585,1
DA:586,1
DA:587,1
DA:589,1
DA:591,0
DA:592,0
DA:593,0
DA:594,1
DA:597,1
DA:598,1
DA:599,1
DA:600,1
DA:606,1
DA:607,1
DA:608,1
DA:609,1
DA:610,1
DA:611,1
DA:612,1
DA:613,1
DA:615,1
DA:616,1
DA:618,1
DA:625,1
DA:626,1
DA:627,1
DA:630,1
DA:635,1
DA:636,1
DA:637,1
DA:638,1
DA:639,1
DA:640,1
DA:642,0
DA:646,0
DA:647,0
DA:648,0
DA:649,0
DA:652,1
DA:654,1
DA:655,1
DA:656,1
DA:658,1
DA:659,1
DA:661,1
DA:662,1
DA:663,1
DA:664,1
DA:665,1
DA:666,1
DA:667,1
DA:669,1
DA:675,1
DA:676,1
DA:677,1
DA:678,1
DA:679,1
DA:680,1
DA:681,1
DA:683,1
DA:686,1
DA:688,1
DA:689,1
DA:692,1
DA:693,1
DA:694,1
DA:707,1
DA:710,1
DA:711,1
DA:712,1
DA:713,1
DA:714,1
DA:715,1
DA:717,1
DA:719,1
DA:720,1
DA:721,1
DA:722,1
DA:727,1
DA:728,1
DA:729,1
DA:730,1
DA:731,1
DA:732,1
DA:733,1
DA:734,1
DA:738,1
DA:739,1
DA:742,1
DA:743,1
DA:744,0
DA:745,0
DA:746,1
DA:747,1
DA:748,0
DA:751,1
DA:763,1
DA:764,1
DA:765,1
DA:766,1
DA:767,1
DA:768,1
DA:769,1
DA:770,1
DA:773,1
DA:774,1
DA:775,1
DA:776,1
DA:777,1
DA:783,1
DA:784,1
DA:794,1
DA:795,1
DA:797,1
DA:798,1
DA:800,1
DA:801,1
DA:804,1
DA:805,1
DA:809,1
DA:812,1
DA:815,1
DA:819,1
DA:827,1
DA:837,0
DA:838,1
DA:839,1
DA:840,1
DA:841,1
DA:842,1
DA:843,1
DA:844,1
DA:845,1
DA:846,1
DA:848,1
DA:850,1
DA:868,1
DA:869,1
DA:871,1
DA:872,1
DA:874,1
DA:877,1
DA:878,1
DA:879,1
DA:882,1
DA:883,1
DA:884,1
DA:886,1
DA:887,1
DA:888,1
DA:891,1
DA:892,1
DA:895,1
DA:896,1
DA:897,1
DA:903,1
DA:904,1
DA:905,1
DA:906,1
DA:907,1
DA:916,1
DA:917,1
DA:918,1
DA:919,1
DA:920,1
DA:923,1
DA:924,1
DA:925,1
DA:926,1
DA:927,1
DA:932,1
DA:935,1
DA:936,1
DA:937,1
DA:938,1
DA:939,1
DA:940,1
DA:949,1
DA:950,1
DA:951,1
DA:952,1
DA:953,1
DA:954,1
DA:955,1
DA:956,1
DA:958,1
DA:959,1
DA:960,1
DA:964,1
DA:966,0
DA:970,0
DA:972,1
DA:973,1
DA:974,1
DA:975,1
DA:976,1
DA:977,1
DA:978,1
DA:980,1
DA:981,1
DA:983,1
DA:988,1
DA:989,1
DA:990,1
DA:992,1
DA:994,1
DA:1014,1
DA:1015,1
DA:1016,1
DA:1017,1
DA:1018,1
DA:1019,1
DA:1020,1
DA:1021,1
DA:1022,1
DA:1024,1
DA:1026,1
DA:1038,1
DA:1039,1
DA:1040,1
DA:1041,1
DA:1052,1
DA:1053,1
DA:1055,1
DA:1057,0
DA:1059,1
DA:1061,0
DA:1071,1
DA:1072,1
DA:1076,1
DA:1078,1
DA:1080,1
DA:1095,1
DA:1112,1
DA:1113,1
DA:1114,1
DA:1115,1
DA:1116,1
DA:1117,1
DA:1118,1
DA:1119,1
DA:1120,1
DA:1121,1
DA:1122,1
DA:1123,1
DA:1125,1
DA:1126,1
DA:1127,1
DA:1131,1
DA:1132,1
DA:1133,1
DA:1134,1
DA:1135,1
DA:1136,1
DA:1139,1
DA:1140,1
DA:1141,1
DA:1142,1
DA:1143,1
DA:1144,1
DA:1147,1
DA:1148,1
DA:1149,1
DA:1161,1
DA:1162,1
DA:1163,1
DA:1164,1
DA:1165,1
DA:1166,1
DA:1167,1
DA:1168,1
DA:1171,1
DA:1172,1
DA:1173,1
DA:1174,1
DA:1178,1
DA:1180,1
DA:1205,1
DA:1210,1
DA:1214,1
LH:525
LF:551
end_of_record
SF:grpc/PacketBroker.kt
FN:34,fourward/grpc/PacketBroker::<init> (Lkotlin/jvm/functions/Function2;Lkotlinx/coroutines/sync/Mutex;)V
FNDA:1,fourward/grpc/PacketBroker::<init> (Lkotlin/jvm/functions/Function2;Lkotlinx/coroutines/sync/Mutex;)V
FN:57,fourward/grpc/PacketBroker::registerHook (Lfourward/grpc/PacketBroker$Hook;)Z
FNDA:1,fourward/grpc/PacketBroker::registerHook (Lfourward/grpc/PacketBroker$Hook;)Z
FN:61,fourward/grpc/PacketBroker::deregisterHook ()V
FNDA:1,fourward/grpc/PacketBroker::deregisterHook ()V
FN:68,fourward/grpc/PacketBroker::getReadAllEntities ()Lkotlin/jvm/functions/Function0;
FNDA:0,fourward/grpc/PacketBroker::getReadAllEntities ()Lkotlin/jvm/functions/Function0;
FN:68,fourward/grpc/PacketBroker::setReadAllEntities (Lkotlin/jvm/functions/Function0;)V
FNDA:1,fourward/grpc/PacketBroker::setReadAllEntities (Lkotlin/jvm/functions/Function0;)V
FN:69,fourward/grpc/PacketBroker::getReadP4Info ()Lkotlin/jvm/functions/Function0;
FNDA:0,fourward/grpc/PacketBroker::getReadP4Info ()Lkotlin/jvm/functions/Function0;
FN:69,fourward/grpc/PacketBroker::setReadP4Info (Lkotlin/jvm/functions/Function0;)V
FNDA:1,fourward/grpc/PacketBroker::setReadP4Info (Lkotlin/jvm/functions/Function0;)V
FN:70,fourward/grpc/PacketBroker::getApplyUpdates ()Lkotlin/jvm/functions/Function1;
FNDA:0,fourward/grpc/PacketBroker::getApplyUpdates ()Lkotlin/jvm/functions/Function1;
FN:70,fourward/grpc/PacketBroker::setApplyUpdates (Lkotlin/jvm/functions/Function1;)V
FNDA:1,fourward/grpc/PacketBroker::setApplyUpdates (Lkotlin/jvm/functions/Function1;)V
FN:77,fourward/grpc/PacketBroker::fireHookIfRegistered (Lkotlin/coroutines/Continuation;)Ljava/lang/Object;
FNDA:1,fourward/grpc/PacketBroker::fireHookIfRegistered (Lkotlin/coroutines/Continuation;)Ljava/lang/Object;
FN:120,fourward/grpc/PacketBroker::fireHookUnderMutex (Lkotlin/coroutines/Continuation;)Ljava/lang/Object;
FNDA:1,fourward/grpc/PacketBroker::fireHookUnderMutex (Lkotlin/coroutines/Continuation;)Ljava/lang/Object;
FN:129,fourward/grpc/PacketBroker::processPacket (I[BJLkotlin/coroutines/Continuation;)Ljava/lang/Object;
FNDA:1,fourward/grpc/PacketBroker::processPacket (I[BJLkotlin/coroutines/Continuation;)Ljava/lang/Object;
FN:125,fourward/grpc/PacketBroker::processPacket$default (Lfourward/grpc/PacketBroker;I[BJLkotlin/coroutines/Continuation;ILjava/lang/Object;)Ljava/lang/Object;
FNDA:1,fourward/grpc/PacketBroker::processPacket$default (Lfourward/grpc/PacketBroker;I[BJLkotlin/coroutines/Continuation;ILjava/lang/Object;)Ljava/lang/Object;
FN:142,fourward/grpc/PacketBroker::processPacket (ILfourward/simulator/PacketBits;JLkotlin/coroutines/Continuation;)Ljava/lang/Object;
FNDA:1,fourward/grpc/PacketBroker::processPacket (ILfourward/simulator/PacketBits;JLkotlin/coroutines/Continuation;)Ljava/lang/Object;
FN:137,fourward/grpc/PacketBroker::processPacket$default (Lfourward/grpc/PacketBroker;ILfourward/simulator/PacketBits;JLkotlin/coroutines/Continuation;ILjava/lang/Object;)Ljava/lang/Object;
FNDA:1,fourward/grpc/PacketBroker::processPacket$default (Lfourward/grpc/PacketBroker;ILfourward/simulator/PacketBits;JLkotlin/coroutines/Continuation;ILjava/lang/Object;)Ljava/lang/Object;
FN:156,fourward/grpc/PacketBroker::withHookOnce (Lkotlin/jvm/functions/Function2;Lkotlin/coroutines/Continuation;)Ljava/lang/Object;
FNDA:1,fourward/grpc/PacketBroker::withHookOnce (Lkotlin/jvm/functions/Function2;Lkotlin/coroutines/Continuation;)Ljava/lang/Object;
FN:172,fourward/grpc/PacketBroker::subscribe (Lkotlin/jvm/functions/Function2;)Lfourward/grpc/PacketBroker$SubscriptionHandle;
FNDA:1,fourward/grpc/PacketBroker::subscribe (Lkotlin/jvm/functions/Function2;)Lfourward/grpc/PacketBroker$SubscriptionHandle;
FN:182,fourward/grpc/PacketBroker::dispatchToSubscribers (ILfourward/simulator/PacketBits;Lfourward/simulator/ProcessPacketResult;JLkotlin/coroutines/Continuation;)Ljava/lang/Object;
FNDA:1,fourward/grpc/PacketBroker::dispatchToSubscribers (ILfourward/simulator/PacketBits;Lfourward/simulator/ProcessPacketResult;JLkotlin/coroutines/Continuation;)Ljava/lang/Object;
FN:176,fourward/grpc/PacketBroker::dispatchToSubscribers$default (Lfourward/grpc/PacketBroker;ILfourward/simulator/PacketBits;Lfourward/simulator/ProcessPacketResult;JLkotlin/coroutines/Continuation;ILjava/lang/Object;)Ljava/lang/Object;
FNDA:0,fourward/grpc/PacketBroker::dispatchToSubscribers$default (Lfourward/grpc/PacketBroker;ILfourward/simulator/PacketBits;Lfourward/simulator/ProcessPacketResult;JLkotlin/coroutines/Continuation;ILjava/lang/Object;)Ljava/lang/Object;
FN:198,fourward/grpc/PacketBroker::<clinit> ()V
FNDA:1,fourward/grpc/PacketBroker::<clinit> ()V
FN:198,fourward/grpc/PacketBroker$Companion::getLogger ()Ljava/util/logging/Logger;
FNDA:0,fourward/grpc/PacketBroker$Companion::getLogger ()Ljava/util/logging/Logger;
FN:47,fourward/grpc/PacketBroker$Hook::<init> (Lkotlinx/coroutines/channels/Channel;Lkotlinx/coroutines/channels/Channel;)V
FNDA:1,fourward/grpc/PacketBroker$Hook::<init> (Lkotlinx/coroutines/channels/Channel;Lkotlinx/coroutines/channels/Channel;)V
FN:48,fourward/grpc/PacketBroker$Hook::getInvocations ()Lkotlinx/coroutines/channels/Channel;
FNDA:1,fourward/grpc/PacketBroker$Hook::getInvocations ()Lkotlinx/coroutines/channels/Channel;
FN:49,fourward/grpc/PacketBroker$Hook::getResponses ()Lkotlinx/coroutines/channels/Channel;
FNDA:1,fourward/grpc/PacketBroker$Hook::getResponses ()Lkotlinx/coroutines/channels/Channel;
FN:99,fourward/grpc/PacketBroker$SubscriptionResult::<init> (ILfourward/simulator/PacketBits;Ljava/util/List;Lfourward/TraceTree;J)V
FNDA:1,fourward/grpc/PacketBroker$SubscriptionResult::<init> (ILfourward/simulator/PacketBits;Ljava/util/List;Lfourward/TraceTree;J)V
FN:99,fourward/grpc/PacketBroker$SubscriptionResult::<init> (ILfourward/simulator/PacketBits;Ljava/util/List;Lfourward/TraceTree;JILkotlin/jvm/internal/DefaultConstructorMarker;)V
FNDA:0,fourward/grpc/PacketBroker$SubscriptionResult::<init> (ILfourward/simulator/PacketBits;Ljava/util/List;Lfourward/TraceTree;JILkotlin/jvm/internal/DefaultConstructorMarker;)V
FN:100,fourward/grpc/PacketBroker$SubscriptionResult::getIngressPort ()I
FNDA:1,fourward/grpc/PacketBroker$SubscriptionResult::getIngressPort ()I
FN:101,fourward/grpc/PacketBroker$SubscriptionResult::getPacket ()Lfourward/simulator/PacketBits;
FNDA:1,fourward/grpc/PacketBroker$SubscriptionResult::getPacket ()Lfourward/simulator/PacketBits;
FN:102,fourward/grpc/PacketBroker$SubscriptionResult::getPossibleOutcomes ()Ljava/util/List;
FNDA:1,fourward/grpc/PacketBroker$SubscriptionResult::getPossibleOutcomes ()Ljava/util/List;
FN:103,fourward/grpc/PacketBroker$SubscriptionResult::getTrace ()Lfourward/TraceTree;
FNDA:1,fourward/grpc/PacketBroker$SubscriptionResult::getTrace ()Lfourward/TraceTree;
FN:104,fourward/grpc/PacketBroker$SubscriptionResult::getTag ()J
FNDA:1,fourward/grpc/PacketBroker$SubscriptionResult::getTag ()J
FN:70,fourward/grpc/PacketBroker$applyUpdates$1::invoke (Ljava/util/List;)V
FNDA:0,fourward/grpc/PacketBroker$applyUpdates$1::invoke (Ljava/util/List;)V
FN:68,fourward/grpc/PacketBroker$readAllEntities$1::invoke ()Ljava/util/List;
FNDA:1,fourward/grpc/PacketBroker$readAllEntities$1::invoke ()Ljava/util/List;
FN:69,fourward/grpc/PacketBroker$readP4Info$1::invoke ()Ljava/lang/Void;
FNDA:1,fourward/grpc/PacketBroker$readP4Info$1::invoke ()Ljava/lang/Void;
FN:173,fourward/grpc/PacketBroker$subscribe$1::unsubscribe ()V
FNDA:1,fourward/grpc/PacketBroker$subscribe$1::unsubscribe ()V
FN:157,fourward/grpc/PacketBroker$withHookOnce$2::invokeSuspend (Ljava/lang/Object;)Ljava/lang/Object;
FNDA:1,fourward/grpc/PacketBroker$withHookOnce$2::invokeSuspend (Ljava/lang/Object;)Ljava/lang/Object;
BRDA:78,0,0,0
BRDA:78,0,1,1
BRDA:83,0,0,1
BRDA:83,0,1,1
BRDA:89,0,0,1
BRDA:89,0,1,1
BRDA:89,0,2,1
BRDA:89,0,3,1
BRDA:120,0,0,1
BRDA:120,0,1,1
BRDA:182,0,0,1
BRDA:182,0,1,1
BRDA:185,0,0,1
BRDA:185,0,1,1
DA:34,1
DA:35,1
DA:36,1
DA:47,1
DA:48,1
DA:49,1
DA:52,1
DA:57,1
DA:61,1
DA:62,1
DA:68,1
DA:69,1
DA:70,1
DA:77,1
DA:78,1
DA:79,1
DA:80,1
DA:81,1
DA:82,1
DA:83,1
DA:84,1
DA:86,1
DA:87,1
DA:88,1
DA:89,1
DA:90,1
DA:92,1
DA:99,1
DA:100,1
DA:101,1
DA:102,1
DA:103,1
DA:104,1
DA:105,0
DA:113,1
DA:120,1
DA:121,1
DA:123,1
DA:125,1
DA:128,1
DA:129,1
DA:137,1
DA:140,1
DA:142,1
DA:143,1
DA:144,1
DA:145,1
DA:156,1
DA:157,1
DA:158,1
DA:159,1
DA:160,1
DA:161,1
DA:172,1
DA:173,1
DA:176,0
DA:180,0
DA:182,1
DA:183,1
DA:184,1
DA:185,1
DA:186,1
DA:187,1
DA:188,1
DA:192,1
DA:195,1
DA:198,1
LH:64
LF:67
end_of_record
SF:grpc/PacketHeaderCodec.kt
FN:49,fourward/grpc/CpuPortConfig$Companion::fromFlag (Ljava/lang/String;)Lfourward/grpc/CpuPortConfig;
FNDA:1,fourward/grpc/CpuPortConfig$Companion::fromFlag (Ljava/lang/String;)Lfourward/grpc/CpuPortConfig;
FN:42,fourward/grpc/CpuPortConfig$Override::<init> (Lfourward/grpc/PortOverride;)V
FNDA:1,fourward/grpc/CpuPortConfig$Override::<init> (Lfourward/grpc/PortOverride;)V
FN:42,fourward/grpc/CpuPortConfig$Override::getPortOverride ()Lfourward/grpc/PortOverride;
FNDA:1,fourward/grpc/CpuPortConfig$Override::getPortOverride ()Lfourward/grpc/PortOverride;
FN:65,fourward/grpc/PacketHeaderCodec::<init> (Ljava/util/List;Ljava/util/List;I)V
FNDA:1,fourward/grpc/PacketHeaderCodec::<init> (Ljava/util/List;Ljava/util/List;I)V
FN:70,fourward/grpc/PacketHeaderCodec::getCpuPort ()I
FNDA:1,fourward/grpc/PacketHeaderCodec::getCpuPort ()I
FN:77,fourward/grpc/PacketHeaderCodec::getPacketOutHeaderBytes ()I
FNDA:1,fourward/grpc/PacketHeaderCodec::getPacketOutHeaderBytes ()I
FN:83,fourward/grpc/PacketHeaderCodec::getPacketInHeaderBits ()I
FNDA:1,fourward/grpc/PacketHeaderCodec::getPacketInHeaderBits ()I
FN:86,fourward/grpc/PacketHeaderCodec::getPacketInHeaderBytes ()I
FNDA:1,fourward/grpc/PacketHeaderCodec::getPacketInHeaderBytes ()I
FN:97,fourward/grpc/PacketHeaderCodec::stripPacketInHeader (Lcom/google/protobuf/ByteString;)Lcom/google/protobuf/ByteString;
FNDA:1,fourward/grpc/PacketHeaderCodec::stripPacketInHeader (Lcom/google/protobuf/ByteString;)Lcom/google/protobuf/ByteString;
FN:127,fourward/grpc/PacketHeaderCodec::serializePacketOut (Ljava/util/List;)[B
FNDA:1,fourward/grpc/PacketHeaderCodec::serializePacketOut (Ljava/util/List;)[B
FN:140,fourward/grpc/PacketHeaderCodec::packPacketOut (Ljava/util/List;[B)[B
FNDA:1,fourward/grpc/PacketHeaderCodec::packPacketOut (Ljava/util/List;[B)[B
FN:156,fourward/grpc/PacketHeaderCodec::packedPacketOutBitLength (I)I
FNDA:1,fourward/grpc/PacketHeaderCodec::packedPacketOutBitLength (I)I
FN:166,fourward/grpc/PacketHeaderCodec::buildPacketInMetadata (II)Ljava/util/List;
FNDA:1,fourward/grpc/PacketHeaderCodec::buildPacketInMetadata (II)Ljava/util/List;
FN:178,fourward/grpc/PacketHeaderCodec::packFields (Ljava/util/List;Ljava/util/Map;)[B
FNDA:1,fourward/grpc/PacketHeaderCodec::packFields (Ljava/util/List;Ljava/util/Map;)[B
FN:213,fourward/grpc/PacketHeaderCodec$Companion::create (Lp4/config/v1/P4InfoOuterClass$P4Info;Lfourward/BehavioralConfig;Ljava/lang/Integer;)Lfourward/grpc/PacketHeaderCodec;
FNDA:1,fourward/grpc/PacketHeaderCodec$Companion::create (Lp4/config/v1/P4InfoOuterClass$P4Info;Lfourward/BehavioralConfig;Ljava/lang/Integer;)Lfourward/grpc/PacketHeaderCodec;
FN:208,fourward/grpc/PacketHeaderCodec$Companion::create$default (Lfourward/grpc/PacketHeaderCodec$Companion;Lp4/config/v1/P4InfoOuterClass$P4Info;Lfourward/BehavioralConfig;Ljava/lang/Integer;ILjava/lang/Object;)Lfourward/grpc/PacketHeaderCodec;
FNDA:1,fourward/grpc/PacketHeaderCodec$Companion::create$default (Lfourward/grpc/PacketHeaderCodec$Companion;Lp4/config/v1/P4InfoOuterClass$P4Info;Lfourward/BehavioralConfig;Ljava/lang/Integer;ILjava/lang/Object;)Lfourward/grpc/PacketHeaderCodec;
FN:263,fourward/grpc/PacketHeaderCodec$Companion::bitWidth (Lfourward/Type;)I
FNDA:1,fourward/grpc/PacketHeaderCodec$Companion::bitWidth (Lfourward/Type;)I
FN:72,fourward/grpc/PacketHeaderCodec$FieldDef::<init> (ILjava/lang/String;I)V
FNDA:1,fourward/grpc/PacketHeaderCodec$FieldDef::<init> (ILjava/lang/String;I)V
FN:72,fourward/grpc/PacketHeaderCodec$FieldDef::getId ()I
FNDA:1,fourward/grpc/PacketHeaderCodec$FieldDef::getId ()I
FN:72,fourward/grpc/PacketHeaderCodec$FieldDef::getName ()Ljava/lang/String;
FNDA:1,fourward/grpc/PacketHeaderCodec$FieldDef::getName ()Ljava/lang/String;
FN:72,fourward/grpc/PacketHeaderCodec$FieldDef::getBitWidth ()I
FNDA:1,fourward/grpc/PacketHeaderCodec$FieldDef::getBitWidth ()I
FN:28,fourward/grpc/PortOverride$Companion::fromFlag (Ljava/lang/String;)Lfourward/grpc/PortOverride;
FNDA:1,fourward/grpc/PortOverride$Companion::fromFlag (Ljava/lang/String;)Lfourward/grpc/PortOverride;
FN:22,fourward/grpc/PortOverride$Dataplane::<init> (I)V
FNDA:1,fourward/grpc/PortOverride$Dataplane::<init> (I)V
FN:22,fourward/grpc/PortOverride$Dataplane::getPort ()I
FNDA:1,fourward/grpc/PortOverride$Dataplane::getPort ()I
FN:24,fourward/grpc/PortOverride$P4rt::<init> (Ljava/lang/String;)V
FNDA:1,fourward/grpc/PortOverride$P4rt::<init> (Ljava/lang/String;)V
FN:24,fourward/grpc/PortOverride$P4rt::getName ()Ljava/lang/String;
FNDA:1,fourward/grpc/PortOverride$P4rt::getName ()Ljava/lang/String;
BRDA:50,0,0,1
BRDA:50,0,1,1
BRDA:51,0,0,1
BRDA:51,0,1,1
BRDA:74,0,0,1
BRDA:74,0,1,1
BRDA:83,0,0,1
BRDA:83,0,1,1
BRDA:97,0,0,0
BRDA:97,0,1,1
BRDA:98,0,0,1
BRDA:98,0,1,1
BRDA:109,0,0,1
BRDA:109,0,1,0
BRDA:109,0,2,0
BRDA:109,0,3,1
BRDA:110,0,0,0
BRDA:110,0,1,1
BRDA:112,0,0,1
BRDA:112,0,1,0
BRDA:114,0,0,1
BRDA:114,0,1,0
BRDA:114,0,2,0
BRDA:114,0,3,1
BRDA:140,0,0,1
BRDA:140,0,1,1
BRDA:143,0,0,1
BRDA:143,0,1,1
BRDA:144,0,0,1
BRDA:144,0,1,0
BRDA:144,0,2,1
BRDA:144,0,3,0
BRDA:144,0,4,0
BRDA:144,0,5,1
BRDA:146,0,0,1
BRDA:146,0,1,1
BRDA:147,0,0,1
BRDA:147,0,1,0
BRDA:169,0,0,1
BRDA:169,0,1,1
BRDA:170,0,0,1
BRDA:170,0,1,1
BRDA:180,0,0,1
BRDA:180,0,1,1
BRDA:181,0,0,1
BRDA:181,0,1,1
BRDA:181,0,2,1
BRDA:181,0,3,1
BRDA:181,0,4,1
BRDA:181,0,5,1
BRDA:183,0,0,1
BRDA:183,0,1,1
BRDA:184,0,0,1
BRDA:184,0,1,0
BRDA:194,0,0,1
BRDA:194,0,1,1
BRDA:214,0,0,1
BRDA:214,0,1,1
BRDA:214,0,2,1
BRDA:214,0,3,1
BRDA:214,0,4,1
BRDA:214,0,5,1
BRDA:218,0,0,1
BRDA:218,0,1,1
BRDA:219,0,0,1
BRDA:219,0,1,1
BRDA:232,0,0,1
BRDA:232,0,1,1
BRDA:234,0,0,1
BRDA:234,0,1,0
BRDA:234,0,2,1
BRDA:234,0,3,0
BRDA:241,0,0,1
BRDA:241,0,1,1
BRDA:241,0,2,1
BRDA:241,0,3,1
BRDA:241,0,4,1
BRDA:241,0,5,1
BRDA:242,0,0,1
BRDA:242,0,1,1
BRDA:245,0,0,1
BRDA:245,0,1,1
BRDA:245,0,2,1
BRDA:245,0,3,1
BRDA:248,0,0,1
BRDA:248,0,1,1
BRDA:248,0,2,1
BRDA:248,0,3,1
BRDA:253,0,0,1
BRDA:253,0,1,1
BRDA:253,0,2,1
BRDA:253,0,3,0
BRDA:253,0,4,1
BRDA:253,0,5,0
BRDA:263,0,0,0
BRDA:263,0,1,0
BRDA:263,0,2,1
BRDA:263,0,3,0
BRDA:28,0,0,1
BRDA:28,0,1,1
DA:22,1
DA:24,1
DA:28,1
DA:42,1
DA:49,1
DA:50,1
DA:51,1
DA:52,1
DA:53,1
DA:65,1
DA:66,1
DA:67,1
DA:68,1
DA:70,1
DA:72,1
DA:74,1
DA:77,1
DA:83,1
DA:86,1
DA:97,1
DA:98,1
DA:99,1
DA:107,1
DA:108,1
DA:109,1
DA:110,1
DA:111,1
DA:112,1
DA:113,1
DA:114,1
DA:115,0
DA:116,0
DA:117,0
DA:120,1
DA:121,1
DA:122,1
DA:127,1
DA:128,1
DA:140,1
DA:141,1
DA:142,1
DA:143,1
DA:144,1
DA:145,1
DA:146,1
DA:147,1
DA:148,1
DA:150,1
DA:151,1
DA:156,1
DA:166,1
DA:167,1
DA:168,1
DA:169,1
DA:170,1
DA:171,1
DA:173,1
DA:174,1
DA:178,1
DA:179,1
DA:180,1
DA:181,1
DA:182,1
DA:183,1
DA:184,1
DA:185,1
DA:186,1
DA:188,1
DA:191,1
DA:192,1
DA:193,1
DA:194,1
DA:195,1
DA:196,1
DA:198,1
DA:208,1
DA:211,1
DA:213,1
DA:214,1
DA:217,1
DA:218,1
DA:219,1
DA:220,1
DA:223,1
DA:225,1
DA:226,1
DA:227,1
DA:228,1
DA:229,1
DA:230,1
DA:232,1
DA:234,1
DA:235,0
DA:236,1
DA:240,1
DA:241,1
DA:242,1
DA:244,1
DA:245,1
DA:246,1
DA:247,1
DA:248,1
DA:249,1
DA:250,1
DA:251,1
DA:253,1
DA:254,1
DA:255,1
DA:257,1
DA:263,1
DA:264,1
DA:265,0
DA:266,0
DA:272,0
DA:273,1
LH:108
LF:115
end_of_record
SF:grpc/ReferenceValidator.kt
FN:21,fourward/grpc/ReferenceValidator::<init> (Ljava/util/Map;Ljava/util/Map;)V
FNDA:1,fourward/grpc/ReferenceValidator::<init> (Ljava/util/Map;Ljava/util/Map;)V
FN:55,fourward/grpc/ReferenceValidator::validate (Lp4/v1/P4RuntimeOuterClass$Update;Lkotlin/jvm/functions/Function3;Lkotlin/jvm/functions/Function1;)V
FNDA:1,fourward/grpc/ReferenceValidator::validate (Lp4/v1/P4RuntimeOuterClass$Update;Lkotlin/jvm/functions/Function3;Lkotlin/jvm/functions/Function1;)V
FN:116,fourward/grpc/ReferenceValidator::validateActionParams (Lp4/v1/P4RuntimeOuterClass$Action;Lkotlin/jvm/functions/Function3;Lkotlin/jvm/functions/Function1;)V
FNDA:1,fourward/grpc/ReferenceValidator::validateActionParams (Lp4/v1/P4RuntimeOuterClass$Action;Lkotlin/jvm/functions/Function3;Lkotlin/jvm/functions/Function1;)V
FN:131,fourward/grpc/ReferenceValidator::checkReference (Lfourward/grpc/ReferenceValidator$Reference;Lcom/google/protobuf/ByteString;Lkotlin/jvm/functions/Function3;Lkotlin/jvm/functions/Function1;)V
FNDA:1,fourward/grpc/ReferenceValidator::checkReference (Lfourward/grpc/ReferenceValidator$Reference;Lcom/google/protobuf/ByteString;Lkotlin/jvm/functions/Function3;Lkotlin/jvm/functions/Function1;)V
FN:152,fourward/grpc/ReferenceValidator::extractExactValue (Lp4/v1/P4RuntimeOuterClass$FieldMatch;)Lcom/google/protobuf/ByteString;
FNDA:1,fourward/grpc/ReferenceValidator::extractExactValue (Lp4/v1/P4RuntimeOuterClass$FieldMatch;)Lcom/google/protobuf/ByteString;
FN:165,fourward/grpc/ReferenceValidator::<clinit> ()V
FNDA:1,fourward/grpc/ReferenceValidator::<clinit> ()V
FN:173,fourward/grpc/ReferenceValidator$Companion::create (Lp4/config/v1/P4InfoOuterClass$P4Info;)Lfourward/grpc/ReferenceValidator;
FNDA:1,fourward/grpc/ReferenceValidator$Companion::create (Lp4/config/v1/P4InfoOuterClass$P4Info;)Lfourward/grpc/ReferenceValidator;
FN:221,fourward/grpc/ReferenceValidator$Companion::parseRefersTo (Ljava/util/List;Ljava/util/Map;Lkotlin/jvm/functions/Function2;)Ljava/util/List;
FNDA:1,fourward/grpc/ReferenceValidator$Companion::parseRefersTo (Ljava/util/List;Ljava/util/Map;Lkotlin/jvm/functions/Function2;)Ljava/util/List;
FN:177,fourward/grpc/ReferenceValidator$Companion::create$resolveFieldId (Ljava/util/Map;Ljava/lang/String;Ljava/lang/String;)Ljava/lang/Integer;
FNDA:1,fourward/grpc/ReferenceValidator$Companion::create$resolveFieldId (Ljava/util/Map;Ljava/lang/String;Ljava/lang/String;)Ljava/lang/Integer;
FN:188,fourward/grpc/ReferenceValidator$Companion$create$refs$1::invoke (Ljava/lang/String;Ljava/lang/String;)Ljava/lang/Integer;
FNDA:1,fourward/grpc/ReferenceValidator$Companion$create$refs$1::invoke (Ljava/lang/String;Ljava/lang/String;)Ljava/lang/Integer;
FN:203,fourward/grpc/ReferenceValidator$Companion$create$refs$2::invoke (Ljava/lang/String;Ljava/lang/String;)Ljava/lang/Integer;
FNDA:1,fourward/grpc/ReferenceValidator$Companion$create$refs$2::invoke (Ljava/lang/String;Ljava/lang/String;)Ljava/lang/Integer;
FN:33,fourward/grpc/ReferenceValidator$Reference::<init> (Ljava/lang/String;Ljava/lang/String;II)V
FNDA:1,fourward/grpc/ReferenceValidator$Reference::<init> (Ljava/lang/String;Ljava/lang/String;II)V
FN:34,fourward/grpc/ReferenceValidator$Reference::getTableName ()Ljava/lang/String;
FNDA:1,fourward/grpc/ReferenceValidator$Reference::getTableName ()Ljava/lang/String;
FN:35,fourward/grpc/ReferenceValidator$Reference::getFieldName ()Ljava/lang/String;
FNDA:1,fourward/grpc/ReferenceValidator$Reference::getFieldName ()Ljava/lang/String;
FN:36,fourward/grpc/ReferenceValidator$Reference::getTableId ()I
FNDA:1,fourward/grpc/ReferenceValidator$Reference::getTableId ()I
FN:37,fourward/grpc/ReferenceValidator$Reference::getFieldId ()I
FNDA:1,fourward/grpc/ReferenceValidator$Reference::getFieldId ()I
FN:143,fourward/grpc/ReferenceValidator$checkReference$1::invoke (B)Ljava/lang/CharSequence;
FNDA:1,fourward/grpc/ReferenceValidator$checkReference$1::invoke (B)Ljava/lang/CharSequence;
BRDA:55,0,0,1
BRDA:55,0,1,1
BRDA:58,0,0,1
BRDA:58,0,1,0
BRDA:58,0,2,1
BRDA:64,0,0,1
BRDA:64,0,1,1
BRDA:65,0,0,1
BRDA:65,0,1,1
BRDA:66,0,0,1
BRDA:66,0,1,1
BRDA:67,0,0,0
BRDA:67,0,1,1
BRDA:68,0,0,1
BRDA:68,0,1,1
BRDA:75,0,0,1
BRDA:75,0,1,1
BRDA:77,0,0,0
BRDA:77,0,1,0
BRDA:77,0,2,1
BRDA:81,0,0,1
BRDA:81,0,1,1
BRDA:116,0,0,1
BRDA:116,0,1,1
BRDA:117,0,0,1
BRDA:117,0,1,1
BRDA:118,0,0,1
BRDA:118,0,1,1
BRDA:119,0,0,1
BRDA:119,0,1,1
BRDA:131,0,0,1
BRDA:131,0,1,1
BRDA:133,0,0,1
BRDA:133,0,1,1
BRDA:140,0,0,1
BRDA:140,0,1,1
BRDA:152,0,0,0
BRDA:152,0,1,0
BRDA:152,0,2,1
BRDA:174,0,0,0
BRDA:174,0,1,1
BRDA:174,0,2,0
BRDA:174,0,3,1
BRDA:177,0,0,1
BRDA:177,0,1,0
BRDA:177,0,2,1
BRDA:177,0,3,0
BRDA:177,0,4,1
BRDA:177,0,5,0
BRDA:177,0,6,1
BRDA:177,0,7,1
BRDA:177,0,8,1
BRDA:177,0,9,0
BRDA:184,0,0,1
BRDA:184,0,1,1
BRDA:185,0,0,1
BRDA:185,0,1,1
BRDA:190,0,0,1
BRDA:190,0,1,1
BRDA:190,0,2,1
BRDA:190,0,3,1
BRDA:199,0,0,1
BRDA:199,0,1,1
BRDA:200,0,0,1
BRDA:200,0,1,1
BRDA:205,0,0,1
BRDA:205,0,1,1
BRDA:205,0,2,1
BRDA:205,0,3,1
BRDA:213,0,0,1
BRDA:213,0,1,1
BRDA:222,0,0,1
BRDA:222,0,1,1
BRDA:231,0,0,1
BRDA:231,0,1,1
BRDA:237,0,0,1
BRDA:237,0,1,1
BRDA:238,0,0,1
BRDA:238,0,1,0
DA:21,1
DA:22,1
DA:23,1
DA:24,1
DA:33,1
DA:34,1
DA:35,1
DA:36,1
DA:37,1
DA:55,1
DA:56,1
DA:58,1
DA:60,1
DA:63,1
DA:64,1
DA:65,1
DA:66,1
DA:67,1
DA:68,1
DA:69,1
DA:75,1
DA:76,1
DA:77,1
DA:79,1
DA:81,1
DA:82,1
DA:93,1
DA:108,1
DA:116,1
DA:117,1
DA:118,1
DA:119,1
DA:120,1
DA:123,1
DA:131,1
DA:132,1
DA:133,1
DA:134,1
DA:135,1
DA:137,1
DA:140,1
DA:141,1
DA:142,1
DA:143,1
DA:145,1
DA:148,1
DA:152,1
DA:153,1
DA:154,1
DA:160,0
DA:161,1
DA:165,1
DA:173,1
DA:174,1
DA:177,1
DA:179,1
DA:180,1
DA:181,1
DA:184,1
DA:185,1
DA:186,1
DA:187,1
DA:188,1
DA:190,1
DA:191,1
DA:192,1
DA:193,1
DA:199,1
DA:200,1
DA:201,1
DA:202,1
DA:203,1
DA:205,1
DA:206,1
DA:207,1
DA:208,1
DA:213,1
DA:221,1
DA:222,1
DA:225,1
DA:226,1
DA:230,1
DA:231,1
DA:232,1
DA:237,1
DA:238,1
DA:239,1
DA:240,1
LH:87
LF:88
end_of_record
SF:grpc/RoleMap.kt
FN:15,fourward/grpc/RoleMap::<init> (Ljava/util/Map;)V
FNDA:1,fourward/grpc/RoleMap::<init> (Ljava/util/Map;)V
FN:18,fourward/grpc/RoleMap::role (I)Ljava/lang/String;
FNDA:1,fourward/grpc/RoleMap::role (I)Ljava/lang/String;
FN:22,fourward/grpc/RoleMap::getHasRoles ()Z
FNDA:1,fourward/grpc/RoleMap::getHasRoles ()Z
FN:27,fourward/grpc/RoleMap::<clinit> ()V
FNDA:1,fourward/grpc/RoleMap::<clinit> ()V
FN:31,fourward/grpc/RoleMap$Companion::create (Lp4/config/v1/P4InfoOuterClass$P4Info;)Lfourward/grpc/RoleMap;
FNDA:1,fourward/grpc/RoleMap$Companion::create (Lp4/config/v1/P4InfoOuterClass$P4Info;)Lfourward/grpc/RoleMap;
FN:61,fourward/grpc/RoleMap$Companion::parseRole (Ljava/util/List;)Ljava/lang/String;
FNDA:1,fourward/grpc/RoleMap$Companion::parseRole (Ljava/util/List;)Ljava/lang/String;
BRDA:22,0,0,1
BRDA:22,0,1,1
BRDA:34,0,0,1
BRDA:34,0,1,1
BRDA:35,0,0,1
BRDA:35,0,1,1
BRDA:40,0,0,1
BRDA:40,0,1,1
BRDA:42,0,0,1
BRDA:42,0,1,1
BRDA:46,0,0,1
BRDA:46,0,1,1
BRDA:48,0,0,1
BRDA:48,0,1,1
BRDA:52,0,0,1
BRDA:52,0,1,1
BRDA:53,0,0,1
BRDA:53,0,1,1
BRDA:53,0,2,1
BRDA:53,0,3,1
BRDA:54,0,0,1
BRDA:54,0,1,1
BRDA:61,0,0,1
BRDA:61,0,1,1
BRDA:63,0,0,1
BRDA:63,0,1,1
DA:15,1
DA:18,1
DA:22,1
DA:27,1
DA:31,1
DA:34,1
DA:35,1
DA:36,1
DA:40,1
DA:41,1
DA:42,1
DA:46,1
DA:47,1
DA:48,1
DA:52,1
DA:53,1
DA:54,1
DA:57,1
DA:61,1
DA:62,1
DA:63,1
DA:65,1
LH:22
LF:22
end_of_record
SF:grpc/TraceEnricher.kt
[...]
BRDA:704,0,1,1
BRDA:718,0,0,0
BRDA:718,0,1,1
BRDA:728,0,0,1
BRDA:728,0,1,0
BRDA:739,0,0,1
BRDA:739,0,1,1
BRDA:748,0,0,1
BRDA:748,0,1,0
BRDA:748,0,2,1
BRDA:748,0,3,0
BRDA:748,0,4,1
BRDA:748,0,5,0
BRDA:748,0,6,1
BRDA:748,0,7,0
BRDA:753,0,0,1
BRDA:753,0,1,1
BRDA:753,0,2,1
BRDA:753,0,3,1
BRDA:756,0,0,1
BRDA:756,0,1,0
BRDA:756,0,2,1
BRDA:756,0,3,0
BRDA:756,0,4,1
BRDA:756,0,5,0
BRDA:756,0,6,1
BRDA:756,0,7,0
BRDA:760,0,0,0
BRDA:760,0,1,1
BRDA:782,0,0,1
BRDA:782,0,1,1
BRDA:816,0,0,1
BRDA:816,0,1,1
BRDA:817,0,0,1
BRDA:817,0,1,1
BRDA:826,0,0,0
BRDA:826,0,1,1
BRDA:831,0,0,1
BRDA:831,0,1,1
BRDA:837,0,0,1
BRDA:837,0,1,0
BRDA:837,0,2,1
BRDA:837,0,3,0
BRDA:837,0,4,1
BRDA:837,0,5,0
BRDA:837,0,6,1
BRDA:837,0,7,0
BRDA:838,0,0,1
BRDA:838,0,1,1
BRDA:840,0,0,1
BRDA:840,0,1,1
BRDA:855,0,0,0
BRDA:855,0,1,1
BRDA:865,0,0,1
BRDA:865,0,1,1
BRDA:866,0,0,1
BRDA:866,0,1,1
BRDA:886,0,0,1
BRDA:886,0,1,0
BRDA:886,0,2,1
BRDA:886,0,3,0
BRDA:886,0,4,1
BRDA:886,0,5,0
BRDA:886,0,6,1
BRDA:886,0,7,0
BRDA:886,0,8,1
BRDA:886,0,9,1
BRDA:898,0,0,0
BRDA:898,0,1,1
BRDA:908,0,0,1
BRDA:908,0,1,1
BRDA:908,0,2,1
BRDA:908,0,3,1
BRDA:909,0,0,1
BRDA:909,0,1,0
BRDA:909,0,2,1
BRDA:909,0,3,0
BRDA:909,0,4,0
BRDA:909,0,5,1
BRDA:913,0,0,1
BRDA:913,0,1,0
BRDA:915,0,0,1
BRDA:915,0,1,1
BRDA:920,0,0,1
BRDA:920,0,1,0
BRDA:920,0,2,1
BRDA:920,0,3,0
BRDA:920,0,4,1
BRDA:920,0,5,0
BRDA:920,0,6,1
BRDA:920,0,7,0
BRDA:920,0,8,1
BRDA:920,0,9,1
BRDA:935,0,0,1
BRDA:935,0,1,1
BRDA:986,0,0,1
BRDA:986,0,1,1
BRDA:986,0,2,1
BRDA:986,0,3,1
BRDA:988,0,0,0
BRDA:988,0,1,1
BRDA:994,0,0,1
BRDA:994,0,1,1
BRDA:994,0,2,1
BRDA:994,0,3,1
BRDA:1045,0,0,0
BRDA:1045,0,1,1
BRDA:1045,0,2,1
BRDA:1045,0,3,1
BRDA:1045,0,4,1
BRDA:1045,0,5,1
BRDA:1045,0,6,1
BRDA:1045,0,7,1
BRDA:1045,0,8,1
BRDA:1045,0,9,1
BRDA:1045,0,10,1
BRDA:1068,0,0,1
BRDA:1068,0,1,1
BRDA:1077,0,0,1
BRDA:1077,0,1,1
BRDA:1081,0,0,1
BRDA:1081,0,1,0
BRDA:1092,0,0,1
BRDA:1092,0,1,1
BRDA:1101,0,0,1
BRDA:1101,0,1,1
BRDA:1110,0,0,1
BRDA:1110,0,1,1
BRDA:1119,0,0,1
BRDA:1119,0,1,1
BRDA:1124,0,0,1
BRDA:1124,0,1,1
BRDA:1126,0,0,1
BRDA:1126,0,1,1
BRDA:1138,0,0,1
BRDA:1138,0,1,1
BRDA:1142,0,0,1
BRDA:1142,0,1,1
BRDA:1156,0,0,1
BRDA:1156,0,1,0
BRDA:1173,0,0,1
BRDA:1173,0,1,1
BRDA:1202,0,0,0
BRDA:1202,0,1,1
BRDA:1202,0,2,1
BRDA:1202,0,3,1
BRDA:1202,0,4,1
BRDA:1202,0,5,1
BRDA:1202,0,6,0
BRDA:1202,0,7,1
BRDA:1202,0,8,0
BRDA:1202,0,9,1
BRDA:1202,0,10,0
BRDA:1202,0,11,1
BRDA:1202,0,12,0
BRDA:1202,0,13,1
BRDA:1202,0,14,1
BRDA:1202,0,15,0
BRDA:1205,0,0,1
BRDA:1205,0,1,1
BRDA:1208,0,0,1
BRDA:1208,0,1,1
BRDA:1211,0,0,1
BRDA:1211,0,1,0
BRDA:1226,0,0,1
BRDA:1226,0,1,0
BRDA:1235,0,0,1
BRDA:1235,0,1,0
BRDA:1247,0,0,1
BRDA:1247,0,1,0
BRDA:104,0,0,1
BRDA:104,0,1,0
BRDA:104,0,2,1
BRDA:104,0,3,0
BRDA:104,0,4,1
BRDA:104,0,5,0
BRDA:105,0,0,1
BRDA:105,0,1,0
BRDA:105,0,2,1
BRDA:105,0,3,1
BRDA:105,0,4,1
BRDA:105,0,5,1
BRDA:109,0,0,1
BRDA:109,0,1,1
BRDA:426,0,0,0
BRDA:426,0,1,1
BRDA:1023,0,0,1
BRDA:1023,0,1,1
BRDA:48,0,0,1
BRDA:48,0,1,0
BRDA:48,0,2,0
BRDA:48,0,3,1
BRDA:49,0,0,0
BRDA:49,0,1,1
BRDA:54,0,0,1
BRDA:54,0,1,1
BRDA:55,0,0,1
BRDA:55,0,1,0
BRDA:1422,0,0,1
BRDA:1422,0,1,1
BRDA:1428,0,0,1
BRDA:1428,0,1,1
BRDA:1429,0,0,1
BRDA:1429,0,1,0
BRDA:1429,0,2,1
BRDA:1429,0,3,1
BRDA:1429,0,4,1
BRDA:1429,0,5,0
BRDA:1430,0,0,1
BRDA:1430,0,1,0
BRDA:1443,0,0,1
BRDA:1443,0,1,0
BRDA:1444,0,0,-
BRDA:1444,0,1,-
BRDA:1445,0,0,-
BRDA:1445,0,1,-
BRDA:1446,0,0,-
BRDA:1446,0,1,-
BRDA:1447,0,0,-
BRDA:1447,0,1,-
BRDA:1448,0,0,-
BRDA:1448,0,1,-
BRDA:1449,0,0,-
BRDA:1449,0,1,-
DA:44,1
DA:47,1
DA:48,1
DA:49,1
DA:53,1
DA:54,1
DA:55,1
DA:56,0
DA:57,1
DA:65,1
DA:67,1
DA:68,1
DA:73,1
DA:74,1
DA:79,1
DA:82,1
DA:83,1
DA:84,1
DA:85,1
DA:86,1
DA:87,1
DA:91,1
DA:92,1
DA:93,1
DA:94,1
DA:95,1
DA:96,1
DA:97,1
DA:98,1
DA:99,1
DA:101,1
DA:103,1
DA:104,1
DA:105,1
DA:109,1
DA:110,1
DA:111,1
DA:114,1
DA:117,1
DA:125,1
DA:126,1
DA:134,1
DA:135,1
DA:136,1
DA:137,1
DA:142,1
DA:145,1
DA:147,1
DA:148,1
DA:149,1
DA:150,1
DA:151,1
DA:152,1
DA:153,1
DA:154,0
DA:155,1
DA:162,1
DA:164,1
DA:165,1
DA:166,1
DA:167,1
DA:168,1
DA:169,1
DA:172,1
DA:173,1
DA:174,1
DA:176,0
DA:179,1
DA:180,1
DA:181,1
DA:183,1
DA:184,1
DA:197,1
DA:201,0
DA:202,1
DA:204,1
DA:205,1
DA:206,1
DA:207,1
DA:208,1
DA:209,1
DA:210,1
DA:211,1
DA:212,1
DA:213,1
DA:214,1
DA:222,0
DA:226,0
DA:227,0
DA:230,1
DA:231,1
DA:232,1
DA:233,1
DA:234,1
DA:235,1
DA:236,1
DA:237,1
DA:247,1
DA:248,1
DA:249,1
DA:250,1
DA:252,1
DA:253,1
DA:254,1
DA:258,1
DA:259,1
DA:260,1
DA:262,1
DA:263,0
DA:280,1
DA:281,1
DA:282,1
DA:284,1
DA:285,1
DA:286,1
DA:287,1
DA:288,1
DA:289,1
DA:290,1
DA:291,1
DA:292,1
DA:293,1
DA:294,1
DA:295,1
DA:296,1
DA:297,1
DA:300,1
DA:301,1
DA:304,1
DA:306,1
DA:307,1
DA:308,1
DA:309,0
DA:311,1
DA:313,1
DA:314,0
DA:315,0
DA:321,1
DA:322,1
DA:323,1
DA:324,1
DA:325,1
DA:326,1
DA:328,1
DA:329,1
DA:330,1
DA:331,1
DA:332,1
DA:333,1
DA:335,1
DA:336,1
DA:337,1
DA:339,0
DA:341,1
DA:342,1
DA:343,1
DA:344,1
DA:345,1
DA:346,1
DA:348,1
DA:356,1
DA:357,1
DA:358,1
DA:359,1
DA:360,1
DA:361,1
DA:362,1
DA:364,1
DA:365,1
DA:366,1
DA:367,1
DA:370,1
DA:371,1
DA:372,1
DA:373,1
DA:374,1
DA:375,1
DA:376,1
DA:377,1
DA:378,1
DA:379,1
DA:380,1
DA:381,1
DA:382,1
DA:384,1
DA:397,1
DA:398,1
DA:399,1
DA:400,1
DA:401,1
DA:402,1
DA:403,1
DA:405,1
DA:406,1
DA:407,1
DA:410,1
DA:411,1
DA:412,1
DA:413,1
DA:414,1
DA:415,1
DA:416,1
DA:417,1
DA:418,1
DA:419,1
DA:420,1
DA:421,1
DA:422,1
DA:424,1
DA:425,1
DA:426,1
DA:427,0
DA:428,1
DA:445,1
DA:446,1
DA:447,1
DA:448,1
DA:449,1
DA:450,1
DA:452,1
DA:453,1
DA:454,1
DA:455,1
DA:456,1
DA:457,1
DA:458,1
DA:459,1
DA:460,1
DA:461,1
DA:463,1
DA:464,1
DA:466,0
DA:477,1
DA:478,1
DA:479,1
DA:480,1
DA:481,1
DA:482,1
DA:483,1
DA:485,1
DA:486,1
DA:488,1
DA:489,1
DA:498,1
DA:499,1
DA:500,1
DA:501,1
DA:502,1
DA:504,1
DA:505,1
DA:506,1
DA:507,1
DA:508,1
DA:509,1
DA:518,1
DA:519,1
DA:520,1
DA:521,1
DA:522,1
DA:524,1
DA:525,1
DA:526,1
DA:527,1
DA:528,1
DA:530,1
DA:531,1
DA:532,1
DA:543,1
DA:544,0
DA:545,0
DA:547,1
DA:548,1
DA:553,1
DA:554,1
DA:555,1
DA:557,1
DA:558,0
DA:560,1
DA:561,1
DA:562,1
DA:564,1
DA:565,1
DA:566,0
DA:567,1
DA:568,1
DA:569,0
DA:571,1
DA:572,1
DA:573,1
DA:574,1
DA:575,1
DA:576,1
DA:577,1
DA:579,1
DA:580,1
DA:583,1
DA:584,1
DA:585,1
DA:586,1
DA:590,1
DA:591,1
DA:592,1
DA:593,1
DA:594,1
DA:595,1
DA:597,1
DA:598,1
DA:599,1
DA:602,1
DA:603,1
DA:604,1
DA:608,1
DA:615,1
DA:621,1
DA:623,1
DA:624,1
DA:626,1
DA:627,1
DA:628,1
DA:629,1
DA:630,1
DA:631,1
DA:632,1
DA:635,1
DA:636,1
DA:637,1
DA:638,1
DA:639,1
DA:641,1
DA:642,1
DA:643,1
DA:644,1
DA:645,1
DA:646,1
DA:647,1
DA:648,1
DA:649,1
DA:650,1
DA:651,1
DA:652,1
DA:659,1
DA:660,0
DA:661,0
DA:665,1
DA:666,1
DA:667,1
DA:668,1
DA:669,1
DA:672,1
DA:674,1
DA:675,1
DA:676,1
DA:677,1
DA:678,1
DA:682,1
DA:683,1
DA:684,1
DA:688,1
DA:689,1
DA:690,1
DA:699,1
DA:700,1
DA:701,1
DA:702,1
DA:704,1
DA:705,1
DA:708,1
DA:716,1
DA:718,1
DA:719,0
DA:722,1
DA:728,1
DA:729,1
DA:730,1
DA:731,1
DA:733,1
DA:737,1
DA:739,1
DA:740,1
DA:741,1
DA:742,1
DA:743,1
DA:747,1
DA:748,1
DA:749,1
DA:753,1
DA:756,1
DA:760,1
DA:761,1
DA:762,1
DA:763,1
DA:764,1
DA:765,1
DA:766,1
DA:767,1
DA:768,1
DA:770,1
DA:772,1
DA:776,1
DA:779,1
DA:780,1
DA:782,1
DA:783,1
DA:784,1
DA:786,1
DA:787,1
DA:788,1
DA:789,1
DA:790,1
DA:791,1
DA:792,1
DA:793,1
DA:794,1
DA:795,1
DA:796,1
DA:797,1
DA:800,1
DA:801,1
DA:805,1
DA:815,1
DA:816,1
DA:817,1
DA:818,1
DA:819,1
DA:820,1
DA:821,1
DA:822,1
DA:823,1
DA:824,1
DA:825,1
DA:826,1
DA:827,1
DA:831,1
DA:832,1
DA:833,1
DA:834,1
DA:837,1
DA:838,1
DA:839,1
DA:840,1
DA:841,1
DA:842,1
DA:843,1
DA:844,1
DA:845,1
DA:846,1
DA:847,1
DA:848,1
DA:851,1
DA:854,1
DA:855,1
DA:856,1
DA:865,1
DA:866,1
DA:867,1
DA:868,1
DA:869,1
DA:870,1
DA:871,1
DA:872,1
DA:873,1
DA:874,1
DA:875,1
DA:879,1
DA:886,1
DA:897,1
DA:898,1
DA:899,1
DA:908,1
DA:909,1
DA:910,1
DA:911,1
DA:912,1
DA:913,1
DA:914,1
DA:915,1
DA:920,1
DA:923,1
DA:934,1
DA:935,1
DA:936,1
DA:937,1
DA:938,1
DA:939,1
DA:941,1
DA:943,1
DA:944,1
DA:953,1
DA:954,1
DA:955,1
DA:956,1
DA:957,1
DA:958,1
DA:959,1
DA:960,1
DA:962,1
DA:965,1
DA:966,1
DA:967,1
DA:969,1
DA:979,1
DA:980,1
DA:981,1
DA:982,1
DA:986,1
DA:987,1
DA:988,1
DA:989,1
DA:990,1
DA:994,1
DA:995,1
DA:997,1
DA:998,1
DA:1021,1
DA:1022,1
DA:1023,1
DA:1024,1
DA:1025,1
DA:1026,1
DA:1027,1
DA:1045,1
DA:1048,1
DA:1049,1
DA:1050,1
DA:1051,1
DA:1052,1
DA:1054,1
DA:1055,1
DA:1056,1
DA:1065,1
DA:1066,1
DA:1067,1
DA:1068,1
DA:1069,1
DA:1071,1
DA:1073,1
DA:1074,1
DA:1076,1
DA:1077,1
DA:1078,1
DA:1079,1
DA:1081,1
DA:1082,1
DA:1083,1
DA:1086,1
DA:1091,1
DA:1092,1
DA:1093,1
DA:1095,1
DA:1100,1
DA:1101,1
DA:1102,1
DA:1104,1
DA:1109,1
DA:1110,1
DA:1111,1
DA:1118,1
DA:1119,1
DA:1120,1
DA:1121,1
DA:1122,1
DA:1123,1
DA:1124,1
DA:1125,1
DA:1126,1
DA:1127,1
DA:1130,1
DA:1137,1
DA:1138,1
DA:1139,1
DA:1140,1
DA:1141,1
DA:1142,1
DA:1143,1
DA:1144,1
DA:1145,1
DA:1147,1
DA:1151,1
DA:1152,1
DA:1153,1
DA:1154,1
DA:1155,1
DA:1156,1
DA:1157,1
DA:1158,1
DA:1159,1
DA:1163,1
DA:1164,1
DA:1165,1
DA:1166,1
DA:1167,1
DA:1172,1
DA:1173,1
DA:1174,1
DA:1175,1
DA:1176,1
DA:1177,1
DA:1178,1
DA:1180,1
DA:1182,0
DA:1183,1
DA:1202,1
DA:1204,1
DA:1205,1
DA:1206,1
DA:1207,1
DA:1208,1
DA:1209,1
DA:1211,1
DA:1212,1
DA:1213,1
DA:1214,1
DA:1217,0
DA:1218,1
DA:1219,0
DA:1224,1
DA:1226,1
DA:1228,0
DA:1229,1
DA:1233,1
DA:1235,1
DA:1236,1
DA:1237,1
DA:1240,0
DA:1241,1
DA:1245,1
DA:1247,1
DA:1248,1
DA:1249,1
DA:1252,0
DA:1253,1
DA:1254,0
DA:1258,0
DA:1259,0
DA:1260,0
DA:1262,1
DA:1296,1
DA:1302,1
DA:1303,1
DA:1304,1
DA:1305,1
DA:1306,1
DA:1307,1
DA:1315,1
DA:1316,1
DA:1317,1
DA:1318,1
DA:1319,1
DA:1320,1
DA:1321,1
DA:1322,1
DA:1323,1
DA:1324,1
DA:1325,1
DA:1338,1
DA:1339,1
DA:1340,1
DA:1341,1
DA:1342,1
DA:1344,1
DA:1346,1
DA:1347,1
DA:1353,1
DA:1354,1
DA:1355,1
DA:1357,1
DA:1359,1
DA:1361,1
DA:1363,1
DA:1365,1
DA:1367,1
DA:1368,1
DA:1374,1
DA:1375,1
DA:1376,1
DA:1378,1
DA:1380,1
DA:1382,1
DA:1384,1
DA:1386,1
DA:1387,1
DA:1390,1
DA:1391,1
DA:1394,1
DA:1396,1
DA:1398,1
DA:1399,1
DA:1402,1
DA:1404,1
DA:1405,1
DA:1408,1
DA:1409,1
DA:1411,1
DA:1412,1
DA:1420,1
DA:1421,1
DA:1422,1
DA:1423,1
DA:1425,1
DA:1426,1
DA:1427,1
DA:1428,1
DA:1429,1
DA:1430,1
DA:1431,1
DA:1433,1
DA:1434,1
DA:1437,1
DA:1442,1
DA:1443,1
DA:1444,0
DA:1445,0
DA:1446,0
DA:1447,0
DA:1448,0
DA:1449,0
DA:1450,0
DA:1451,1
LH:679
LF:718
end_of_record
SF:simulator/Values.kt
FN:18,fourward/simulator/BitVal::<init> (Lfourward/simulator/BitVector;)V
FNDA:1,fourward/simulator/BitVal::<init> (Lfourward/simulator/BitVector;)V
FN:18,fourward/simulator/BitVal::getBits ()Lfourward/simulator/BitVector;
FNDA:1,fourward/simulator/BitVal::getBits ()Lfourward/simulator/BitVector;
FN:22,fourward/simulator/BitVal::<init> (JI)V
FNDA:1,fourward/simulator/BitVal::<init> (JI)V
FN:27,fourward/simulator/BitVal::<init> (II)V
FNDA:1,fourward/simulator/BitVal::<init> (II)V
FN:50,fourward/simulator/BoolVal::<init> (Z)V
FNDA:1,fourward/simulator/BoolVal::<init> (Z)V
FN:50,fourward/simulator/BoolVal::getValue ()Z
FNDA:1,fourward/simulator/BoolVal::getValue ()Z
FN:52,fourward/simulator/BoolVal::<clinit> ()V
FNDA:1,fourward/simulator/BoolVal::<clinit> ()V
FN:52,fourward/simulator/BoolVal$Companion::getTRUE ()Lfourward/simulator/BoolVal;
FNDA:0,fourward/simulator/BoolVal$Companion::getTRUE ()Lfourward/simulator/BoolVal;
FN:53,fourward/simulator/BoolVal$Companion::getFALSE ()Lfourward/simulator/BoolVal;
FNDA:0,fourward/simulator/BoolVal$Companion::getFALSE ()Lfourward/simulator/BoolVal;
FN:66,fourward/simulator/EnumVal::<init> (Ljava/lang/String;)V
FNDA:1,fourward/simulator/EnumVal::<init> (Ljava/lang/String;)V
FN:66,fourward/simulator/EnumVal::getMember ()Ljava/lang/String;
FNDA:1,fourward/simulator/EnumVal::getMember ()Ljava/lang/String;
FN:58,fourward/simulator/ErrorVal::<init> (Ljava/lang/String;)V
FNDA:1,fourward/simulator/ErrorVal::<init> (Ljava/lang/String;)V
FN:58,fourward/simulator/ErrorVal::getMember ()Ljava/lang/String;
FNDA:1,fourward/simulator/ErrorVal::getMember ()Ljava/lang/String;
FN:61,fourward/simulator/ErrorVal::<clinit> ()V
FNDA:1,fourward/simulator/ErrorVal::<clinit> ()V
FN:61,fourward/simulator/ErrorVal$Companion::getNO_ERROR ()Lfourward/simulator/ErrorVal;
FNDA:1,fourward/simulator/ErrorVal$Companion::getNO_ERROR ()Lfourward/simulator/ErrorVal;
FN:189,fourward/simulator/HeaderStackVal::<init> (Ljava/lang/String;Ljava/util/List;I)V
FNDA:1,fourward/simulator/HeaderStackVal::<init> (Ljava/lang/String;Ljava/util/List;I)V
FN:189,fourward/simulator/HeaderStackVal::<init> (Ljava/lang/String;Ljava/util/List;IILkotlin/jvm/internal/DefaultConstructorMarker;)V
FNDA:1,fourward/simulator/HeaderStackVal::<init> (Ljava/lang/String;Ljava/util/List;IILkotlin/jvm/internal/DefaultConstructorMarker;)V
FN:190,fourward/simulator/HeaderStackVal::getElementTypeName ()Ljava/lang/String;
FNDA:1,fourward/simulator/HeaderStackVal::getElementTypeName ()Ljava/lang/String;
FN:191,fourward/simulator/HeaderStackVal::getHeaders ()Ljava/util/List;
FNDA:1,fourward/simulator/HeaderStackVal::getHeaders ()Ljava/util/List;
FN:192,fourward/simulator/HeaderStackVal::getNextIndex ()I
FNDA:1,fourward/simulator/HeaderStackVal::getNextIndex ()I
FN:192,fourward/simulator/HeaderStackVal::setNextIndex (I)V
FNDA:1,fourward/simulator/HeaderStackVal::setNextIndex (I)V
FN:195,fourward/simulator/HeaderStackVal::getSize ()I
FNDA:1,fourward/simulator/HeaderStackVal::getSize ()I
FN:198,fourward/simulator/HeaderStackVal::deepCopy ()Lfourward/simulator/HeaderStackVal;
FNDA:1,fourward/simulator/HeaderStackVal::deepCopy ()Lfourward/simulator/HeaderStackVal;
FN:77,fourward/simulator/HeaderVal::<init> (Ljava/lang/String;Ljava/util/Map;Z)V
FNDA:1,fourward/simulator/HeaderVal::<init> (Ljava/lang/String;Ljava/util/Map;Z)V
FN:77,fourward/simulator/HeaderVal::<init> (Ljava/lang/String;Ljava/util/Map;ZILkotlin/jvm/internal/DefaultConstructorMarker;)V
FNDA:1,fourward/simulator/HeaderVal::<init> (Ljava/lang/String;Ljava/util/Map;ZILkotlin/jvm/internal/DefaultConstructorMarker;)V
FN:78,fourward/simulator/HeaderVal::getTypeName ()Ljava/lang/String;
FNDA:1,fourward/simulator/HeaderVal::getTypeName ()Ljava/lang/String;
FN:79,fourward/simulator/HeaderVal::getFields ()Ljava/util/Map;
FNDA:1,fourward/simulator/HeaderVal::getFields ()Ljava/util/Map;
FN:80,fourward/simulator/HeaderVal::getValid ()Z
FNDA:1,fourward/simulator/HeaderVal::getValid ()Z
FN:80,fourward/simulator/HeaderVal::setValid (Z)V
FNDA:1,fourward/simulator/HeaderVal::setValid (Z)V
FN:85,fourward/simulator/HeaderVal::setValid (Ljava/util/Map;)V
FNDA:1,fourward/simulator/HeaderVal::setValid (Ljava/util/Map;)V
FN:95,fourward/simulator/HeaderVal::setInvalid ()V
FNDA:1,fourward/simulator/HeaderVal::setInvalid ()V
FN:110,fourward/simulator/HeaderVal::copy ()Lfourward/simulator/HeaderVal;
FNDA:1,fourward/simulator/HeaderVal::copy ()Lfourward/simulator/HeaderVal;
FN:118,fourward/simulator/HeaderVal::deepCopy ()Lfourward/simulator/HeaderVal;
FNDA:1,fourward/simulator/HeaderVal::deepCopy ()Lfourward/simulator/HeaderVal;
FN:121,fourward/simulator/HeaderVal::copyFields ()Ljava/util/Map;
FNDA:1,fourward/simulator/HeaderVal::copyFields ()Ljava/util/Map;
FN:99,fourward/simulator/HeaderVal$setInvalid$1::apply (Ljava/lang/String;Lfourward/simulator/Value;)Lfourward/simulator/Value;
FNDA:1,fourward/simulator/HeaderVal$setInvalid$1::apply (Ljava/lang/String;Lfourward/simulator/Value;)Lfourward/simulator/Value;
FN:36,fourward/simulator/InfIntVal::<init> (Ljava/math/BigInteger;)V
FNDA:1,fourward/simulator/InfIntVal::<init> (Ljava/math/BigInteger;)V
FN:36,fourward/simulator/InfIntVal::getValue ()Ljava/math/BigInteger;
FNDA:1,fourward/simulator/InfIntVal::getValue ()Ljava/math/BigInteger;
FN:39,fourward/simulator/InfIntVal::toBitVal (I)Lfourward/simulator/BitVal;
FNDA:1,fourward/simulator/InfIntVal::toBitVal (I)Lfourward/simulator/BitVal;
FN:43,fourward/simulator/InfIntVal::toIntVal (I)Lfourward/simulator/IntVal;
FNDA:0,fourward/simulator/InfIntVal::toIntVal (I)Lfourward/simulator/IntVal;
FN:47,fourward/simulator/IntVal::<init> (Lfourward/simulator/SignedBitVector;)V
FNDA:1,fourward/simulator/IntVal::<init> (Lfourward/simulator/SignedBitVector;)V
FN:47,fourward/simulator/IntVal::getBits ()Lfourward/simulator/SignedBitVector;
FNDA:1,fourward/simulator/IntVal::getBits ()Lfourward/simulator/SignedBitVector;
FN:69,fourward/simulator/StringVal::<init> (Ljava/lang/String;)V
FNDA:1,fourward/simulator/StringVal::<init> (Ljava/lang/String;)V
FN:69,fourward/simulator/StringVal::getValue ()Ljava/lang/String;
FNDA:1,fourward/simulator/StringVal::getValue ()Ljava/lang/String;
FN:128,fourward/simulator/StructVal::<init> (Ljava/lang/String;Ljava/util/Map;)V
FNDA:1,fourward/simulator/StructVal::<init> (Ljava/lang/String;Ljava/util/Map;)V
FN:128,fourward/simulator/StructVal::<init> (Ljava/lang/String;Ljava/util/Map;ILkotlin/jvm/internal/DefaultConstructorMarker;)V
FNDA:0,fourward/simulator/StructVal::<init> (Ljava/lang/String;Ljava/util/Map;ILkotlin/jvm/internal/DefaultConstructorMarker;)V
FN:128,fourward/simulator/StructVal::getTypeName ()Ljava/lang/String;
FNDA:1,fourward/simulator/StructVal::getTypeName ()Ljava/lang/String;
FN:128,fourward/simulator/StructVal::getFields ()Ljava/util/Map;
FNDA:1,fourward/simulator/StructVal::getFields ()Ljava/util/Map;
FN:130,fourward/simulator/StructVal::copy ()Lfourward/simulator/StructVal;
FNDA:0,fourward/simulator/StructVal::copy ()Lfourward/simulator/StructVal;
FN:133,fourward/simulator/StructVal::copyFields ()Ljava/util/Map;
FNDA:0,fourward/simulator/StructVal::copyFields ()Ljava/util/Map;
FN:136,fourward/simulator/StructVal::deepCopy ()Lfourward/simulator/StructVal;
FNDA:1,fourward/simulator/StructVal::deepCopy ()Lfourward/simulator/StructVal;
FN:154,fourward/simulator/StructVal::isUnionValid ()Z
FNDA:1,fourward/simulator/StructVal::isUnionValid ()Z
FN:158,fourward/simulator/StructVal::invalidateUnion ()V
FNDA:0,fourward/simulator/StructVal::invalidateUnion ()V
FN:163,fourward/simulator/StructVal::invalidateUnionExcept (Lfourward/simulator/HeaderVal;)V
FNDA:1,fourward/simulator/StructVal::invalidateUnionExcept (Lfourward/simulator/HeaderVal;)V
FN:168,fourward/simulator/StructVal::setBitField (Ljava/lang/String;J)V
FNDA:1,fourward/simulator/StructVal::setBitField (Ljava/lang/String;J)V
FN:178,fourward/simulator/StructVal::bitWidth (Ljava/lang/String;)I
FNDA:1,fourward/simulator/StructVal::bitWidth (Ljava/lang/String;)I
FN:202,fourward/simulator/UnitVal::<init> ()V
FNDA:1,fourward/simulator/UnitVal::<init> ()V
FN:14,fourward/simulator/Value::deepCopy ()Lfourward/simulator/Value;
FNDA:1,fourward/simulator/Value::deepCopy ()Lfourward/simulator/Value;
FN:213,fourward/simulator/ValuesKt::asStructVal (Lfourward/simulator/Value;)Lfourward/simulator/StructVal;
FNDA:1,fourward/simulator/ValuesKt::asStructVal (Lfourward/simulator/Value;)Lfourward/simulator/StructVal;
BRDA:23,0,0,1
BRDA:23,0,1,1
BRDA:121,0,0,1
BRDA:121,0,1,1
BRDA:100,0,0,1
BRDA:100,0,1,1
BRDA:101,0,0,1
BRDA:101,0,1,1
BRDA:102,0,0,1
BRDA:102,0,1,1
BRDA:103,0,0,1
BRDA:103,0,1,1
BRDA:104,0,0,1
BRDA:104,0,1,0
BRDA:133,0,0,-
BRDA:133,0,1,-
BRDA:136,0,0,1
BRDA:136,0,1,0
BRDA:140,0,0,1
BRDA:140,0,1,1
BRDA:141,0,0,1
BRDA:141,0,1,1
BRDA:141,0,2,1
BRDA:141,0,3,1
BRDA:141,0,4,1
BRDA:141,0,5,1
BRDA:154,0,0,1
BRDA:154,0,1,0
BRDA:154,0,2,0
BRDA:154,0,3,1
BRDA:158,0,0,-
BRDA:158,0,1,-
BRDA:163,0,0,1
BRDA:163,0,1,0
BRDA:163,0,2,1
BRDA:163,0,3,1
BRDA:168,0,0,1
BRDA:168,0,1,0
BRDA:168,0,2,0
BRDA:168,0,3,1
BRDA:178,0,0,1
BRDA:178,0,1,0
BRDA:178,0,2,0
BRDA:178,0,3,1
BRDA:214,0,0,1
BRDA:214,0,1,1
BRDA:215,0,0,1
BRDA:215,0,1,0
DA:14,1
DA:18,1
DA:22,1
DA:23,1
DA:24,1
DA:25,1
DA:27,1
DA:36,1
DA:39,1
DA:43,0
DA:47,1
DA:50,1
DA:52,1
DA:53,1
DA:58,1
DA:61,1
DA:66,1
DA:69,1
DA:77,1
DA:78,1
DA:79,1
DA:80,1
DA:81,1
DA:85,1
DA:86,1
DA:87,1
DA:88,1
DA:95,1
DA:98,1
DA:99,1
DA:100,1
DA:101,1
DA:102,1
DA:103,1
DA:104,1
DA:105,0
DA:106,1
DA:108,1
DA:110,1
DA:118,1
DA:121,1
DA:128,1
DA:130,0
DA:133,0
DA:136,1
DA:139,1
DA:140,1
DA:141,1
DA:142,1
DA:145,1
DA:147,0
DA:148,0
DA:149,0
DA:154,1
DA:158,0
DA:159,0
DA:163,1
DA:164,1
DA:168,1
DA:169,1
DA:170,1
DA:171,1
DA:172,1
DA:174,1
DA:178,1
DA:179,1
DA:189,1
DA:190,1
DA:191,1
DA:192,1
DA:193,1
DA:195,1
DA:198,1
DA:202,1
DA:213,1
DA:214,1
DA:215,1
DA:216,0
DA:217,1
LH:69
LF:79
end_of_record
